<?xml version="1.0" encoding="UTF-8"?>
<coverage generated="1745167531232" clover="3.2.0">
  <project timestamp="1745167531232" name="All files">
    <metrics statements="27" coveredstatements="27" conditionals="18" coveredconditionals="18" methods="1" coveredmethods="1" elements="46" coveredelements="46" complexity="0" loc="27" ncloc="27" packages="1" files="1" classes="1"/>
    <file name="refundCalculation.js" path="C:\Users\pun\Desktop\CU\CEDT-Y1-S2\2110423 Software Engineering\se-project-backend-8_thecallcenter\utils\refundCalculation.js">
      <metrics statements="27" coveredstatements="27" conditionals="18" coveredconditionals="18" methods="1" coveredmethods="1"/>
      <line num="2" count="1" type="stmt"/>
      <line num="4" count="10" type="stmt"/>
      <line num="5" count="10" type="stmt"/>
      <line num="6" count="10" type="stmt"/>
      <line num="7" count="10" type="stmt"/>
      <line num="9" count="10" type="stmt"/>
      <line num="12" count="10" type="cond" truecount="2" falsecount="0"/>
      <line num="14" count="2" type="cond" truecount="2" falsecount="0"/>
      <line num="15" count="1" type="stmt"/>
      <line num="17" count="1" type="stmt"/>
      <line num="20" count="8" type="cond" truecount="2" falsecount="0"/>
      <line num="22" count="1" type="stmt"/>
      <line num="26" count="7" type="cond" truecount="2" falsecount="0"/>
      <line num="27" count="1" type="stmt"/>
      <line num="28" count="6" type="cond" truecount="2" falsecount="0"/>
      <line num="30" count="2" type="cond" truecount="2" falsecount="0"/>
      <line num="31" count="1" type="stmt"/>
      <line num="33" count="1" type="stmt"/>
      <line num="36" count="4" type="cond" truecount="2" falsecount="0"/>
      <line num="38" count="3" type="cond" truecount="2" falsecount="0"/>
      <line num="39" count="1" type="stmt"/>
      <line num="40" count="2" type="cond" truecount="2" falsecount="0"/>
      <line num="41" count="1" type="stmt"/>
      <line num="43" count="1" type="stmt"/>
      <line num="48" count="1" type="stmt"/>
      <line num="53" count="10" type="stmt"/>
      <line num="54" count="10" type="stmt"/>
    </file>
  </project>
</coverage>
