{"C:\\Users\\pun\\Desktop\\CU\\CEDT-Y1-S2\\2110423 Software Engineering\\se-project-backend-8_thecallcenter\\controllers\\bookings.js": {"path":"C:\\Users\\pun\\Desktop\\CU\\CEDT-Y1-S2\\2110423 Software Engineering\\se-project-backend-8_thecallcenter\\controllers\\bookings.js","statementMap":{"0":{"start":{"line":1,"column":17},"end":{"line":1,"column":36}},"1":{"start":{"line":2,"column":16},"end":{"line":2,"column":44}},"2":{"start":{"line":3,"column":14},"end":{"line":3,"column":40}},"3":{"start":{"line":4,"column":16},"end":{"line":4,"column":44}},"4":{"start":{"line":5,"column":13},"end":{"line":5,"column":38}},"5":{"start":{"line":6,"column":21},"end":{"line":6,"column":46}},"6":{"start":{"line":7,"column":35},"end":{"line":7,"column":73}},"7":{"start":{"line":8,"column":30},"end":{"line":8,"column":67}},"8":{"start":{"line":9,"column":24},"end":{"line":9,"column":55}},"9":{"start":{"line":10,"column":13},"end":{"line":10,"column":38}},"10":{"start":{"line":11,"column":23},"end":{"line":11,"column":53}},"11":{"start":{"line":12,"column":21},"end":{"line":12,"column":38}},"12":{"start":{"line":353,"column":0},"end":{"line":608,"column":2}},"13":{"start":{"line":354,"column":4},"end":{"line":606,"column":5}},"14":{"start":{"line":355,"column":22},"end":{"line":355,"column":59}},"15":{"start":{"line":357,"column":8},"end":{"line":362,"column":9}},"16":{"start":{"line":358,"column":12},"end":{"line":361,"column":15}},"17":{"start":{"line":365,"column":8},"end":{"line":375,"column":9}},"18":{"start":{"line":368,"column":12},"end":{"line":368,"column":127}},"19":{"start":{"line":369,"column":12},"end":{"line":369,"column":158}},"20":{"start":{"line":371,"column":12},"end":{"line":374,"column":15}},"21":{"start":{"line":378,"column":54},"end":{"line":378,"column":62}},"22":{"start":{"line":379,"column":21},"end":{"line":379,"column":29}},"23":{"start":{"line":381,"column":8},"end":{"line":388,"column":9}},"24":{"start":{"line":382,"column":12},"end":{"line":382,"column":283}},"25":{"start":{"line":384,"column":12},"end":{"line":387,"column":15}},"26":{"start":{"line":390,"column":8},"end":{"line":499,"column":9}},"27":{"start":{"line":391,"column":12},"end":{"line":402,"column":13}},"28":{"start":{"line":392,"column":16},"end":{"line":392,"column":160}},"29":{"start":{"line":394,"column":16},"end":{"line":397,"column":19}},"30":{"start":{"line":400,"column":16},"end":{"line":400,"column":40}},"31":{"start":{"line":401,"column":16},"end":{"line":401,"column":135}},"32":{"start":{"line":403,"column":15},"end":{"line":499,"column":9}},"33":{"start":{"line":404,"column":12},"end":{"line":475,"column":13}},"34":{"start":{"line":406,"column":12},"end":{"line":411,"column":13}},"35":{"start":{"line":407,"column":16},"end":{"line":410,"column":19}},"36":{"start":{"line":413,"column":28},"end":{"line":416,"column":14}},"37":{"start":{"line":418,"column":12},"end":{"line":424,"column":13}},"38":{"start":{"line":419,"column":16},"end":{"line":419,"column":102}},"39":{"start":{"line":420,"column":16},"end":{"line":423,"column":19}},"40":{"start":{"line":426,"column":33},"end":{"line":426,"column":47}},"41":{"start":{"line":428,"column":25},"end":{"line":428,"column":111}},"42":{"start":{"line":432,"column":12},"end":{"line":439,"column":13}},"43":{"start":{"line":433,"column":16},"end":{"line":433,"column":175}},"44":{"start":{"line":435,"column":16},"end":{"line":438,"column":19}},"45":{"start":{"line":441,"column":12},"end":{"line":463,"column":13}},"46":{"start":{"line":442,"column":16},"end":{"line":442,"column":40}},"47":{"start":{"line":444,"column":16},"end":{"line":444,"column":44}},"48":{"start":{"line":445,"column":16},"end":{"line":445,"column":37}},"49":{"start":{"line":447,"column":16},"end":{"line":450,"column":18}},"50":{"start":{"line":453,"column":16},"end":{"line":453,"column":135}},"51":{"start":{"line":454,"column":16},"end":{"line":454,"column":134}},"52":{"start":{"line":457,"column":16},"end":{"line":457,"column":121}},"53":{"start":{"line":459,"column":16},"end":{"line":462,"column":19}},"54":{"start":{"line":466,"column":29},"end":{"line":466,"column":57}},"55":{"start":{"line":467,"column":12},"end":{"line":467,"column":77}},"56":{"start":{"line":470,"column":16},"end":{"line":470,"column":102}},"57":{"start":{"line":471,"column":16},"end":{"line":474,"column":19}},"58":{"start":{"line":479,"column":15},"end":{"line":499,"column":9}},"59":{"start":{"line":480,"column":12},"end":{"line":488,"column":13}},"60":{"start":{"line":482,"column":16},"end":{"line":482,"column":161}},"61":{"start":{"line":484,"column":16},"end":{"line":487,"column":19}},"62":{"start":{"line":490,"column":12},"end":{"line":490,"column":36}},"63":{"start":{"line":491,"column":12},"end":{"line":491,"column":146}},"64":{"start":{"line":492,"column":15},"end":{"line":499,"column":9}},"65":{"start":{"line":493,"column":12},"end":{"line":493,"column":154}},"66":{"start":{"line":495,"column":12},"end":{"line":498,"column":15}},"67":{"start":{"line":502,"column":8},"end":{"line":563,"column":9}},"68":{"start":{"line":503,"column":35},"end":{"line":503,"column":56}},"69":{"start":{"line":504,"column":36},"end":{"line":504,"column":58}},"70":{"start":{"line":507,"column":12},"end":{"line":512,"column":13}},"71":{"start":{"line":508,"column":16},"end":{"line":511,"column":19}},"72":{"start":{"line":515,"column":12},"end":{"line":520,"column":13}},"73":{"start":{"line":516,"column":16},"end":{"line":519,"column":19}},"74":{"start":{"line":522,"column":12},"end":{"line":522,"column":49}},"75":{"start":{"line":523,"column":12},"end":{"line":523,"column":51}},"76":{"start":{"line":524,"column":15},"end":{"line":563,"column":9}},"77":{"start":{"line":525,"column":35},"end":{"line":525,"column":56}},"78":{"start":{"line":528,"column":12},"end":{"line":533,"column":13}},"79":{"start":{"line":529,"column":16},"end":{"line":532,"column":19}},"80":{"start":{"line":536,"column":12},"end":{"line":541,"column":13}},"81":{"start":{"line":537,"column":16},"end":{"line":540,"column":19}},"82":{"start":{"line":542,"column":12},"end":{"line":542,"column":49}},"83":{"start":{"line":543,"column":15},"end":{"line":563,"column":9}},"84":{"start":{"line":544,"column":36},"end":{"line":544,"column":58}},"85":{"start":{"line":547,"column":12},"end":{"line":552,"column":13}},"86":{"start":{"line":548,"column":16},"end":{"line":551,"column":19}},"87":{"start":{"line":555,"column":12},"end":{"line":560,"column":13}},"88":{"start":{"line":556,"column":16},"end":{"line":559,"column":19}},"89":{"start":{"line":562,"column":12},"end":{"line":562,"column":51}},"90":{"start":{"line":565,"column":8},"end":{"line":565,"column":29}},"91":{"start":{"line":568,"column":21},"end":{"line":568,"column":54}},"92":{"start":{"line":570,"column":8},"end":{"line":575,"column":9}},"93":{"start":{"line":571,"column":12},"end":{"line":574,"column":15}},"94":{"start":{"line":578,"column":42},"end":{"line":580,"column":9}},"95":{"start":{"line":579,"column":12},"end":{"line":579,"column":93}},"96":{"start":{"line":582,"column":8},"end":{"line":584,"column":9}},"97":{"start":{"line":583,"column":12},"end":{"line":583,"column":72}},"98":{"start":{"line":587,"column":8},"end":{"line":590,"column":11}},"99":{"start":{"line":593,"column":8},"end":{"line":593,"column":26}},"100":{"start":{"line":595,"column":8},"end":{"line":598,"column":11}},"101":{"start":{"line":601,"column":8},"end":{"line":601,"column":27}},"102":{"start":{"line":602,"column":8},"end":{"line":605,"column":11}}},"fnMap":{"0":{"name":"(anonymous_0)","decl":{"start":{"line":353,"column":24},"end":{"line":353,"column":25}},"loc":{"start":{"line":353,"column":47},"end":{"line":608,"column":1}},"line":353},"1":{"name":"(anonymous_1)","decl":{"start":{"line":578,"column":75},"end":{"line":578,"column":76}},"loc":{"start":{"line":579,"column":12},"end":{"line":579,"column":93}},"line":579}},"branchMap":{"0":{"loc":{"start":{"line":357,"column":8},"end":{"line":362,"column":9}},"type":"if","locations":[{"start":{"line":357,"column":8},"end":{"line":362,"column":9}},{"start":{},"end":{}}],"line":357},"1":{"loc":{"start":{"line":365,"column":8},"end":{"line":375,"column":9}},"type":"if","locations":[{"start":{"line":365,"column":8},"end":{"line":375,"column":9}},{"start":{},"end":{}}],"line":365},"2":{"loc":{"start":{"line":365,"column":12},"end":{"line":366,"column":108}},"type":"binary-expr","locations":[{"start":{"line":365,"column":13},"end":{"line":365,"column":37}},{"start":{"line":365,"column":41},"end":{"line":365,"column":80}},{"start":{"line":366,"column":16},"end":{"line":366,"column":48}},{"start":{"line":366,"column":52},"end":{"line":366,"column":106}}],"line":365},"3":{"loc":{"start":{"line":381,"column":8},"end":{"line":388,"column":9}},"type":"if","locations":[{"start":{"line":381,"column":8},"end":{"line":388,"column":9}},{"start":{},"end":{}}],"line":381},"4":{"loc":{"start":{"line":381,"column":12},"end":{"line":381,"column":93}},"type":"binary-expr","locations":[{"start":{"line":381,"column":12},"end":{"line":381,"column":32}},{"start":{"line":381,"column":37},"end":{"line":381,"column":62}},{"start":{"line":381,"column":66},"end":{"line":381,"column":92}}],"line":381},"5":{"loc":{"start":{"line":382,"column":112},"end":{"line":382,"column":139}},"type":"cond-expr","locations":[{"start":{"line":382,"column":126},"end":{"line":382,"column":134}},{"start":{"line":382,"column":137},"end":{"line":382,"column":139}}],"line":382},"6":{"loc":{"start":{"line":382,"column":142},"end":{"line":382,"column":184}},"type":"cond-expr","locations":[{"start":{"line":382,"column":172},"end":{"line":382,"column":179}},{"start":{"line":382,"column":182},"end":{"line":382,"column":184}}],"line":382},"7":{"loc":{"start":{"line":382,"column":142},"end":{"line":382,"column":169}},"type":"binary-expr","locations":[{"start":{"line":382,"column":142},"end":{"line":382,"column":153}},{"start":{"line":382,"column":157},"end":{"line":382,"column":169}}],"line":382},"8":{"loc":{"start":{"line":382,"column":187},"end":{"line":382,"column":215}},"type":"cond-expr","locations":[{"start":{"line":382,"column":202},"end":{"line":382,"column":210}},{"start":{"line":382,"column":213},"end":{"line":382,"column":215}}],"line":382},"9":{"loc":{"start":{"line":390,"column":8},"end":{"line":499,"column":9}},"type":"if","locations":[{"start":{"line":390,"column":8},"end":{"line":499,"column":9}},{"start":{"line":403,"column":15},"end":{"line":499,"column":9}}],"line":390},"10":{"loc":{"start":{"line":390,"column":12},"end":{"line":390,"column":42}},"type":"binary-expr","locations":[{"start":{"line":390,"column":12},"end":{"line":390,"column":18}},{"start":{"line":390,"column":22},"end":{"line":390,"column":42}}],"line":390},"11":{"loc":{"start":{"line":391,"column":12},"end":{"line":402,"column":13}},"type":"if","locations":[{"start":{"line":391,"column":12},"end":{"line":402,"column":13}},{"start":{"line":399,"column":19},"end":{"line":402,"column":13}}],"line":391},"12":{"loc":{"start":{"line":403,"column":15},"end":{"line":499,"column":9}},"type":"if","locations":[{"start":{"line":403,"column":15},"end":{"line":499,"column":9}},{"start":{"line":479,"column":15},"end":{"line":499,"column":9}}],"line":403},"13":{"loc":{"start":{"line":403,"column":19},"end":{"line":403,"column":50}},"type":"binary-expr","locations":[{"start":{"line":403,"column":19},"end":{"line":403,"column":25}},{"start":{"line":403,"column":29},"end":{"line":403,"column":50}}],"line":403},"14":{"loc":{"start":{"line":406,"column":12},"end":{"line":411,"column":13}},"type":"if","locations":[{"start":{"line":406,"column":12},"end":{"line":411,"column":13}},{"start":{},"end":{}}],"line":406},"15":{"loc":{"start":{"line":418,"column":12},"end":{"line":424,"column":13}},"type":"if","locations":[{"start":{"line":418,"column":12},"end":{"line":424,"column":13}},{"start":{},"end":{}}],"line":418},"16":{"loc":{"start":{"line":432,"column":12},"end":{"line":439,"column":13}},"type":"if","locations":[{"start":{"line":432,"column":12},"end":{"line":439,"column":13}},{"start":{},"end":{}}],"line":432},"17":{"loc":{"start":{"line":441,"column":12},"end":{"line":463,"column":13}},"type":"if","locations":[{"start":{"line":441,"column":12},"end":{"line":463,"column":13}},{"start":{"line":455,"column":19},"end":{"line":463,"column":13}}],"line":441},"18":{"loc":{"start":{"line":479,"column":15},"end":{"line":499,"column":9}},"type":"if","locations":[{"start":{"line":479,"column":15},"end":{"line":499,"column":9}},{"start":{"line":492,"column":15},"end":{"line":499,"column":9}}],"line":479},"19":{"loc":{"start":{"line":479,"column":19},"end":{"line":479,"column":86}},"type":"binary-expr","locations":[{"start":{"line":479,"column":19},"end":{"line":479,"column":25}},{"start":{"line":479,"column":29},"end":{"line":479,"column":86}}],"line":479},"20":{"loc":{"start":{"line":480,"column":12},"end":{"line":488,"column":13}},"type":"if","locations":[{"start":{"line":480,"column":12},"end":{"line":488,"column":13}},{"start":{},"end":{}}],"line":480},"21":{"loc":{"start":{"line":492,"column":15},"end":{"line":499,"column":9}},"type":"if","locations":[{"start":{"line":492,"column":15},"end":{"line":499,"column":9}},{"start":{},"end":{}}],"line":492},"22":{"loc":{"start":{"line":502,"column":8},"end":{"line":563,"column":9}},"type":"if","locations":[{"start":{"line":502,"column":8},"end":{"line":563,"column":9}},{"start":{"line":524,"column":15},"end":{"line":563,"column":9}}],"line":502},"23":{"loc":{"start":{"line":502,"column":12},"end":{"line":502,"column":39}},"type":"binary-expr","locations":[{"start":{"line":502,"column":12},"end":{"line":502,"column":23}},{"start":{"line":502,"column":27},"end":{"line":502,"column":39}}],"line":502},"24":{"loc":{"start":{"line":507,"column":12},"end":{"line":512,"column":13}},"type":"if","locations":[{"start":{"line":507,"column":12},"end":{"line":512,"column":13}},{"start":{},"end":{}}],"line":507},"25":{"loc":{"start":{"line":515,"column":12},"end":{"line":520,"column":13}},"type":"if","locations":[{"start":{"line":515,"column":12},"end":{"line":520,"column":13}},{"start":{},"end":{}}],"line":515},"26":{"loc":{"start":{"line":515,"column":16},"end":{"line":515,"column":103}},"type":"binary-expr","locations":[{"start":{"line":515,"column":16},"end":{"line":515,"column":74}},{"start":{"line":515,"column":78},"end":{"line":515,"column":103}}],"line":515},"27":{"loc":{"start":{"line":524,"column":15},"end":{"line":563,"column":9}},"type":"if","locations":[{"start":{"line":524,"column":15},"end":{"line":563,"column":9}},{"start":{"line":543,"column":15},"end":{"line":563,"column":9}}],"line":524},"28":{"loc":{"start":{"line":524,"column":19},"end":{"line":524,"column":47}},"type":"binary-expr","locations":[{"start":{"line":524,"column":19},"end":{"line":524,"column":30}},{"start":{"line":524,"column":34},"end":{"line":524,"column":47}}],"line":524},"29":{"loc":{"start":{"line":528,"column":12},"end":{"line":533,"column":13}},"type":"if","locations":[{"start":{"line":528,"column":12},"end":{"line":533,"column":13}},{"start":{},"end":{}}],"line":528},"30":{"loc":{"start":{"line":536,"column":12},"end":{"line":541,"column":13}},"type":"if","locations":[{"start":{"line":536,"column":12},"end":{"line":541,"column":13}},{"start":{},"end":{}}],"line":536},"31":{"loc":{"start":{"line":536,"column":16},"end":{"line":536,"column":108}},"type":"binary-expr","locations":[{"start":{"line":536,"column":16},"end":{"line":536,"column":79}},{"start":{"line":536,"column":83},"end":{"line":536,"column":108}}],"line":536},"32":{"loc":{"start":{"line":543,"column":15},"end":{"line":563,"column":9}},"type":"if","locations":[{"start":{"line":543,"column":15},"end":{"line":563,"column":9}},{"start":{},"end":{}}],"line":543},"33":{"loc":{"start":{"line":543,"column":19},"end":{"line":543,"column":47}},"type":"binary-expr","locations":[{"start":{"line":543,"column":19},"end":{"line":543,"column":31}},{"start":{"line":543,"column":35},"end":{"line":543,"column":47}}],"line":543},"34":{"loc":{"start":{"line":547,"column":12},"end":{"line":552,"column":13}},"type":"if","locations":[{"start":{"line":547,"column":12},"end":{"line":552,"column":13}},{"start":{},"end":{}}],"line":547},"35":{"loc":{"start":{"line":555,"column":12},"end":{"line":560,"column":13}},"type":"if","locations":[{"start":{"line":555,"column":12},"end":{"line":560,"column":13}},{"start":{},"end":{}}],"line":555},"36":{"loc":{"start":{"line":555,"column":16},"end":{"line":555,"column":108}},"type":"binary-expr","locations":[{"start":{"line":555,"column":16},"end":{"line":555,"column":79}},{"start":{"line":555,"column":83},"end":{"line":555,"column":108}}],"line":555},"37":{"loc":{"start":{"line":570,"column":8},"end":{"line":575,"column":9}},"type":"if","locations":[{"start":{"line":570,"column":8},"end":{"line":575,"column":9}},{"start":{},"end":{}}],"line":570},"38":{"loc":{"start":{"line":579,"column":12},"end":{"line":579,"column":93}},"type":"binary-expr","locations":[{"start":{"line":579,"column":12},"end":{"line":579,"column":52}},{"start":{"line":579,"column":56},"end":{"line":579,"column":93}}],"line":579},"39":{"loc":{"start":{"line":582,"column":8},"end":{"line":584,"column":9}},"type":"if","locations":[{"start":{"line":582,"column":8},"end":{"line":584,"column":9}},{"start":{},"end":{}}],"line":582}},"s":{"0":1,"1":1,"2":1,"3":1,"4":1,"5":1,"6":1,"7":1,"8":1,"9":1,"10":1,"11":1,"12":1,"13":2,"14":2,"15":2,"16":1,"17":1,"18":0,"19":0,"20":0,"21":1,"22":1,"23":1,"24":0,"25":0,"26":1,"27":0,"28":0,"29":0,"30":0,"31":0,"32":1,"33":0,"34":0,"35":0,"36":0,"37":0,"38":0,"39":0,"40":0,"41":0,"42":0,"43":0,"44":0,"45":0,"46":0,"47":0,"48":0,"49":0,"50":0,"51":0,"52":0,"53":0,"54":0,"55":0,"56":0,"57":0,"58":1,"59":0,"60":0,"61":0,"62":0,"63":0,"64":1,"65":0,"66":0,"67":1,"68":1,"69":1,"70":1,"71":0,"72":1,"73":0,"74":1,"75":1,"76":0,"77":0,"78":0,"79":0,"80":0,"81":0,"82":0,"83":0,"84":0,"85":0,"86":0,"87":0,"88":0,"89":0,"90":1,"91":1,"92":1,"93":0,"94":1,"95":0,"96":1,"97":0,"98":1,"99":1,"100":1,"101":0,"102":0},"f":{"0":2,"1":0},"b":{"0":[1,1],"1":[0,1],"2":[1,1,1,0],"3":[0,1],"4":[1,0,0],"5":[0,0],"6":[0,0],"7":[0,0],"8":[0,0],"9":[0,1],"10":[1,0],"11":[0,0],"12":[0,1],"13":[1,0],"14":[0,0],"15":[0,0],"16":[0,0],"17":[0,0],"18":[0,1],"19":[1,0],"20":[0,0],"21":[0,1],"22":[1,0],"23":[1,1],"24":[0,1],"25":[0,1],"26":[1,0],"27":[0,0],"28":[0,0],"29":[0,0],"30":[0,0],"31":[0,0],"32":[0,0],"33":[0,0],"34":[0,0],"35":[0,0],"36":[0,0],"37":[0,1],"38":[0,0],"39":[0,1]},"_coverageSchema":"1a1c01bbd47fc00a2c39e90264f33305004495a9","hash":"a383aeec20cf95069148091d5fe891e2cea5f894"}
}
