{"C:\\Users\\Rirhc\\Desktop\\CU cedt\\Year_1\\Semester 2\\Software Engineering\\project\\se-project-backend-8_thecallcenter\\controllers\\auth.js": {"path":"C:\\Users\\Rirhc\\Desktop\\CU cedt\\Year_1\\Semester 2\\Software Engineering\\project\\se-project-backend-8_thecallcenter\\controllers\\auth.js","statementMap":{"0":{"start":{"line":1,"column":16},"end":{"line":1,"column":35}},"1":{"start":{"line":2,"column":13},"end":{"line":2,"column":38}},"2":{"start":{"line":8,"column":0},"end":{"line":28,"column":2}},"3":{"start":{"line":9,"column":4},"end":{"line":27,"column":5}},"4":{"start":{"line":10,"column":48},"end":{"line":10,"column":56}},"5":{"start":{"line":13,"column":21},"end":{"line":20,"column":10}},"6":{"start":{"line":22,"column":8},"end":{"line":22,"column":42}},"7":{"start":{"line":25,"column":8},"end":{"line":25,"column":47}},"8":{"start":{"line":26,"column":8},"end":{"line":26,"column":31}},"9":{"start":{"line":33,"column":0},"end":{"line":60,"column":2}},"10":{"start":{"line":34,"column":4},"end":{"line":59,"column":5}},"11":{"start":{"line":35,"column":36},"end":{"line":35,"column":44}},"12":{"start":{"line":38,"column":8},"end":{"line":40,"column":9}},"13":{"start":{"line":39,"column":12},"end":{"line":39,"column":102}},"14":{"start":{"line":43,"column":21},"end":{"line":43,"column":70}},"15":{"start":{"line":45,"column":8},"end":{"line":47,"column":9}},"16":{"start":{"line":46,"column":12},"end":{"line":46,"column":88}},"17":{"start":{"line":50,"column":24},"end":{"line":50,"column":58}},"18":{"start":{"line":52,"column":8},"end":{"line":54,"column":9}},"19":{"start":{"line":53,"column":12},"end":{"line":53,"column":88}},"20":{"start":{"line":56,"column":8},"end":{"line":56,"column":42}},"21":{"start":{"line":58,"column":8},"end":{"line":58,"column":98}},"22":{"start":{"line":63,"column":26},"end":{"line":80,"column":1}},"23":{"start":{"line":65,"column":18},"end":{"line":65,"column":42}},"24":{"start":{"line":67,"column":20},"end":{"line":70,"column":5}},"25":{"start":{"line":72,"column":4},"end":{"line":74,"column":5}},"26":{"start":{"line":73,"column":8},"end":{"line":73,"column":30}},"27":{"start":{"line":76,"column":4},"end":{"line":79,"column":7}},"28":{"start":{"line":85,"column":0},"end":{"line":91,"column":2}},"29":{"start":{"line":86,"column":17},"end":{"line":86,"column":49}},"30":{"start":{"line":87,"column":4},"end":{"line":90,"column":7}},"31":{"start":{"line":96,"column":0},"end":{"line":106,"column":2}},"32":{"start":{"line":97,"column":4},"end":{"line":100,"column":7}},"33":{"start":{"line":102,"column":4},"end":{"line":105,"column":7}},"34":{"start":{"line":112,"column":0},"end":{"line":142,"column":2}},"35":{"start":{"line":113,"column":4},"end":{"line":141,"column":5}},"36":{"start":{"line":114,"column":27},"end":{"line":114,"column":35}},"37":{"start":{"line":115,"column":23},"end":{"line":115,"column":51}},"38":{"start":{"line":116,"column":21},"end":{"line":116,"column":48}},"39":{"start":{"line":118,"column":8},"end":{"line":120,"column":9}},"40":{"start":{"line":119,"column":12},"end":{"line":119,"column":80}},"41":{"start":{"line":122,"column":8},"end":{"line":124,"column":9}},"42":{"start":{"line":123,"column":12},"end":{"line":123,"column":85}},"43":{"start":{"line":126,"column":8},"end":{"line":128,"column":9}},"44":{"start":{"line":127,"column":12},"end":{"line":127,"column":103}},"45":{"start":{"line":130,"column":8},"end":{"line":132,"column":9}},"46":{"start":{"line":131,"column":12},"end":{"line":131,"column":90}},"47":{"start":{"line":134,"column":8},"end":{"line":134,"column":30}},"48":{"start":{"line":135,"column":8},"end":{"line":135,"column":26}},"49":{"start":{"line":137,"column":8},"end":{"line":137,"column":60}},"50":{"start":{"line":139,"column":8},"end":{"line":139,"column":49}},"51":{"start":{"line":140,"column":8},"end":{"line":140,"column":31}},"52":{"start":{"line":148,"column":0},"end":{"line":254,"column":1}},"53":{"start":{"line":151,"column":21},"end":{"line":151,"column":35}},"54":{"start":{"line":152,"column":25},"end":{"line":152,"column":75}},"55":{"start":{"line":153,"column":4},"end":{"line":153,"column":58}},"56":{"start":{"line":153,"column":34},"end":{"line":153,"column":56}},"57":{"start":{"line":155,"column":19},"end":{"line":155,"column":43}},"58":{"start":{"line":156,"column":4},"end":{"line":156,"column":81}},"59":{"start":{"line":156,"column":68},"end":{"line":156,"column":79}},"60":{"start":{"line":157,"column":22},"end":{"line":157,"column":42}},"61":{"start":{"line":159,"column":4},"end":{"line":164,"column":5}},"62":{"start":{"line":160,"column":24},"end":{"line":160,"column":51}},"63":{"start":{"line":161,"column":8},"end":{"line":161,"column":54}},"64":{"start":{"line":162,"column":8},"end":{"line":162,"column":48}},"65":{"start":{"line":165,"column":4},"end":{"line":168,"column":5}},"66":{"start":{"line":166,"column":8},"end":{"line":166,"column":71}},"67":{"start":{"line":167,"column":8},"end":{"line":167,"column":38}},"68":{"start":{"line":169,"column":4},"end":{"line":169,"column":37}},"69":{"start":{"line":171,"column":4},"end":{"line":174,"column":5}},"70":{"start":{"line":172,"column":23},"end":{"line":172,"column":60}},"71":{"start":{"line":173,"column":8},"end":{"line":173,"column":40}},"72":{"start":{"line":176,"column":4},"end":{"line":181,"column":5}},"73":{"start":{"line":177,"column":23},"end":{"line":177,"column":58}},"74":{"start":{"line":178,"column":8},"end":{"line":178,"column":38}},"75":{"start":{"line":180,"column":8},"end":{"line":180,"column":51}},"76":{"start":{"line":183,"column":22},"end":{"line":207,"column":6}},"77":{"start":{"line":209,"column":4},"end":{"line":253,"column":5}},"78":{"start":{"line":210,"column":22},"end":{"line":210,"column":58}},"79":{"start":{"line":211,"column":21},"end":{"line":211,"column":54}},"80":{"start":{"line":212,"column":22},"end":{"line":212,"column":57}},"81":{"start":{"line":213,"column":27},"end":{"line":213,"column":45}},"82":{"start":{"line":214,"column":25},"end":{"line":214,"column":37}},"83":{"start":{"line":216,"column":8},"end":{"line":221,"column":9}},"84":{"start":{"line":217,"column":12},"end":{"line":220,"column":15}},"85":{"start":{"line":223,"column":8},"end":{"line":223,"column":59}},"86":{"start":{"line":224,"column":21},"end":{"line":224,"column":32}},"87":{"start":{"line":226,"column":27},"end":{"line":226,"column":29}},"88":{"start":{"line":228,"column":8},"end":{"line":230,"column":9}},"89":{"start":{"line":229,"column":12},"end":{"line":229,"column":111}},"90":{"start":{"line":232,"column":8},"end":{"line":234,"column":9}},"91":{"start":{"line":233,"column":12},"end":{"line":233,"column":62}},"92":{"start":{"line":236,"column":25},"end":{"line":236,"column":53}},"93":{"start":{"line":238,"column":8},"end":{"line":248,"column":11}},"94":{"start":{"line":250,"column":8},"end":{"line":250,"column":37}},"95":{"start":{"line":251,"column":8},"end":{"line":251,"column":29}},"96":{"start":{"line":252,"column":8},"end":{"line":252,"column":87}},"97":{"start":{"line":259,"column":0},"end":{"line":271,"column":2}},"98":{"start":{"line":260,"column":4},"end":{"line":270,"column":5}},"99":{"start":{"line":261,"column":21},"end":{"line":261,"column":108}},"100":{"start":{"line":263,"column":8},"end":{"line":265,"column":9}},"101":{"start":{"line":264,"column":12},"end":{"line":264,"column":57}},"102":{"start":{"line":267,"column":8},"end":{"line":267,"column":56}},"103":{"start":{"line":269,"column":8},"end":{"line":269,"column":46}}},"fnMap":{"0":{"name":"(anonymous_0)","decl":{"start":{"line":8,"column":19},"end":{"line":8,"column":20}},"loc":{"start":{"line":8,"column":45},"end":{"line":28,"column":1}},"line":8},"1":{"name":"(anonymous_1)","decl":{"start":{"line":33,"column":16},"end":{"line":33,"column":17}},"loc":{"start":{"line":33,"column":42},"end":{"line":60,"column":1}},"line":33},"2":{"name":"(anonymous_2)","decl":{"start":{"line":63,"column":26},"end":{"line":63,"column":27}},"loc":{"start":{"line":63,"column":53},"end":{"line":80,"column":1}},"line":63},"3":{"name":"(anonymous_3)","decl":{"start":{"line":85,"column":16},"end":{"line":85,"column":17}},"loc":{"start":{"line":85,"column":36},"end":{"line":91,"column":1}},"line":85},"4":{"name":"(anonymous_4)","decl":{"start":{"line":96,"column":17},"end":{"line":96,"column":18}},"loc":{"start":{"line":96,"column":43},"end":{"line":106,"column":1}},"line":96},"5":{"name":"(anonymous_5)","decl":{"start":{"line":112,"column":23},"end":{"line":112,"column":24}},"loc":{"start":{"line":112,"column":49},"end":{"line":142,"column":1}},"line":112},"6":{"name":"(anonymous_6)","decl":{"start":{"line":148,"column":19},"end":{"line":148,"column":20}},"loc":{"start":{"line":148,"column":45},"end":{"line":254,"column":1}},"line":148},"7":{"name":"(anonymous_7)","decl":{"start":{"line":153,"column":25},"end":{"line":153,"column":26}},"loc":{"start":{"line":153,"column":34},"end":{"line":153,"column":56}},"line":153},"8":{"name":"(anonymous_8)","decl":{"start":{"line":156,"column":59},"end":{"line":156,"column":60}},"loc":{"start":{"line":156,"column":68},"end":{"line":156,"column":79}},"line":156},"9":{"name":"(anonymous_9)","decl":{"start":{"line":259,"column":18},"end":{"line":259,"column":19}},"loc":{"start":{"line":259,"column":44},"end":{"line":271,"column":1}},"line":259}},"branchMap":{"0":{"loc":{"start":{"line":38,"column":8},"end":{"line":40,"column":9}},"type":"if","locations":[{"start":{"line":38,"column":8},"end":{"line":40,"column":9}},{"start":{},"end":{}}],"line":38},"1":{"loc":{"start":{"line":38,"column":12},"end":{"line":38,"column":31}},"type":"binary-expr","locations":[{"start":{"line":38,"column":12},"end":{"line":38,"column":18}},{"start":{"line":38,"column":22},"end":{"line":38,"column":31}}],"line":38},"2":{"loc":{"start":{"line":45,"column":8},"end":{"line":47,"column":9}},"type":"if","locations":[{"start":{"line":45,"column":8},"end":{"line":47,"column":9}},{"start":{},"end":{}}],"line":45},"3":{"loc":{"start":{"line":52,"column":8},"end":{"line":54,"column":9}},"type":"if","locations":[{"start":{"line":52,"column":8},"end":{"line":54,"column":9}},{"start":{},"end":{}}],"line":52},"4":{"loc":{"start":{"line":72,"column":4},"end":{"line":74,"column":5}},"type":"if","locations":[{"start":{"line":72,"column":4},"end":{"line":74,"column":5}},{"start":{},"end":{}}],"line":72},"5":{"loc":{"start":{"line":115,"column":23},"end":{"line":115,"column":51}},"type":"binary-expr","locations":[{"start":{"line":115,"column":23},"end":{"line":115,"column":36}},{"start":{"line":115,"column":40},"end":{"line":115,"column":51}}],"line":115},"6":{"loc":{"start":{"line":118,"column":8},"end":{"line":120,"column":9}},"type":"if","locations":[{"start":{"line":118,"column":8},"end":{"line":120,"column":9}},{"start":{},"end":{}}],"line":118},"7":{"loc":{"start":{"line":118,"column":12},"end":{"line":118,"column":56}},"type":"binary-expr","locations":[{"start":{"line":118,"column":12},"end":{"line":118,"column":27}},{"start":{"line":118,"column":31},"end":{"line":118,"column":56}}],"line":118},"8":{"loc":{"start":{"line":122,"column":8},"end":{"line":124,"column":9}},"type":"if","locations":[{"start":{"line":122,"column":8},"end":{"line":124,"column":9}},{"start":{},"end":{}}],"line":122},"9":{"loc":{"start":{"line":126,"column":8},"end":{"line":128,"column":9}},"type":"if","locations":[{"start":{"line":126,"column":8},"end":{"line":128,"column":9}},{"start":{},"end":{}}],"line":126},"10":{"loc":{"start":{"line":130,"column":8},"end":{"line":132,"column":9}},"type":"if","locations":[{"start":{"line":130,"column":8},"end":{"line":132,"column":9}},{"start":{},"end":{}}],"line":130},"11":{"loc":{"start":{"line":159,"column":4},"end":{"line":164,"column":5}},"type":"if","locations":[{"start":{"line":159,"column":4},"end":{"line":164,"column":5}},{"start":{},"end":{}}],"line":159},"12":{"loc":{"start":{"line":165,"column":4},"end":{"line":168,"column":5}},"type":"if","locations":[{"start":{"line":165,"column":4},"end":{"line":168,"column":5}},{"start":{},"end":{}}],"line":165},"13":{"loc":{"start":{"line":171,"column":4},"end":{"line":174,"column":5}},"type":"if","locations":[{"start":{"line":171,"column":4},"end":{"line":174,"column":5}},{"start":{},"end":{}}],"line":171},"14":{"loc":{"start":{"line":176,"column":4},"end":{"line":181,"column":5}},"type":"if","locations":[{"start":{"line":176,"column":4},"end":{"line":181,"column":5}},{"start":{"line":179,"column":11},"end":{"line":181,"column":5}}],"line":176},"15":{"loc":{"start":{"line":211,"column":21},"end":{"line":211,"column":54}},"type":"binary-expr","locations":[{"start":{"line":211,"column":21},"end":{"line":211,"column":49}},{"start":{"line":211,"column":53},"end":{"line":211,"column":54}}],"line":211},"16":{"loc":{"start":{"line":212,"column":22},"end":{"line":212,"column":57}},"type":"binary-expr","locations":[{"start":{"line":212,"column":22},"end":{"line":212,"column":51}},{"start":{"line":212,"column":55},"end":{"line":212,"column":57}}],"line":212},"17":{"loc":{"start":{"line":216,"column":8},"end":{"line":221,"column":9}},"type":"if","locations":[{"start":{"line":216,"column":8},"end":{"line":221,"column":9}},{"start":{},"end":{}}],"line":216},"18":{"loc":{"start":{"line":228,"column":8},"end":{"line":230,"column":9}},"type":"if","locations":[{"start":{"line":228,"column":8},"end":{"line":230,"column":9}},{"start":{},"end":{}}],"line":228},"19":{"loc":{"start":{"line":229,"column":55},"end":{"line":229,"column":108}},"type":"cond-expr","locations":[{"start":{"line":229,"column":78},"end":{"line":229,"column":102}},{"start":{"line":229,"column":103},"end":{"line":229,"column":108}}],"line":229},"20":{"loc":{"start":{"line":232,"column":8},"end":{"line":234,"column":9}},"type":"if","locations":[{"start":{"line":232,"column":8},"end":{"line":234,"column":9}},{"start":{},"end":{}}],"line":232},"21":{"loc":{"start":{"line":243,"column":19},"end":{"line":243,"column":64}},"type":"cond-expr","locations":[{"start":{"line":243,"column":38},"end":{"line":243,"column":56}},{"start":{"line":243,"column":59},"end":{"line":243,"column":64}}],"line":243},"22":{"loc":{"start":{"line":263,"column":8},"end":{"line":265,"column":9}},"type":"if","locations":[{"start":{"line":263,"column":8},"end":{"line":265,"column":9}},{"start":{},"end":{}}],"line":263}},"s":{"0":1,"1":1,"2":1,"3":0,"4":0,"5":0,"6":0,"7":0,"8":0,"9":1,"10":0,"11":0,"12":0,"13":0,"14":0,"15":0,"16":0,"17":0,"18":0,"19":0,"20":0,"21":0,"22":1,"23":0,"24":0,"25":0,"26":0,"27":0,"28":1,"29":0,"30":0,"31":1,"32":0,"33":0,"34":1,"35":0,"36":0,"37":0,"38":0,"39":0,"40":0,"41":0,"42":0,"43":0,"44":0,"45":0,"46":0,"47":0,"48":0,"49":0,"50":0,"51":0,"52":1,"53":0,"54":0,"55":0,"56":0,"57":0,"58":0,"59":0,"60":0,"61":0,"62":0,"63":0,"64":0,"65":0,"66":0,"67":0,"68":0,"69":0,"70":0,"71":0,"72":0,"73":0,"74":0,"75":0,"76":0,"77":0,"78":0,"79":0,"80":0,"81":0,"82":0,"83":0,"84":0,"85":0,"86":0,"87":0,"88":0,"89":0,"90":0,"91":0,"92":0,"93":0,"94":0,"95":0,"96":0,"97":1,"98":0,"99":0,"100":0,"101":0,"102":0,"103":0},"f":{"0":0,"1":0,"2":0,"3":0,"4":0,"5":0,"6":0,"7":0,"8":0,"9":0},"b":{"0":[0,0],"1":[0,0],"2":[0,0],"3":[0,0],"4":[0,0],"5":[0,0],"6":[0,0],"7":[0,0],"8":[0,0],"9":[0,0],"10":[0,0],"11":[0,0],"12":[0,0],"13":[0,0],"14":[0,0],"15":[0,0],"16":[0,0],"17":[0,0],"18":[0,0],"19":[0,0],"20":[0,0],"21":[0,0],"22":[0,0]},"_coverageSchema":"1a1c01bbd47fc00a2c39e90264f33305004495a9","hash":"3e957e566a9076c6123bb264c5f9ce8eccfee1aa"}
,"C:\\Users\\Rirhc\\Desktop\\CU cedt\\Year_1\\Semester 2\\Software Engineering\\project\\se-project-backend-8_thecallcenter\\controllers\\bookings.js": {"path":"C:\\Users\\Rirhc\\Desktop\\CU cedt\\Year_1\\Semester 2\\Software Engineering\\project\\se-project-backend-8_thecallcenter\\controllers\\bookings.js","statementMap":{"0":{"start":{"line":1,"column":17},"end":{"line":1,"column":36}},"1":{"start":{"line":2,"column":16},"end":{"line":2,"column":44}},"2":{"start":{"line":3,"column":14},"end":{"line":3,"column":40}},"3":{"start":{"line":4,"column":16},"end":{"line":4,"column":44}},"4":{"start":{"line":5,"column":13},"end":{"line":5,"column":38}},"5":{"start":{"line":6,"column":21},"end":{"line":6,"column":46}},"6":{"start":{"line":7,"column":35},"end":{"line":7,"column":73}},"7":{"start":{"line":8,"column":30},"end":{"line":8,"column":67}},"8":{"start":{"line":9,"column":24},"end":{"line":9,"column":55}},"9":{"start":{"line":10,"column":13},"end":{"line":10,"column":38}},"10":{"start":{"line":11,"column":23},"end":{"line":11,"column":53}},"11":{"start":{"line":12,"column":21},"end":{"line":12,"column":38}},"12":{"start":{"line":13,"column":22},"end":{"line":13,"column":61}},"13":{"start":{"line":14,"column":15},"end":{"line":14,"column":34}},"14":{"start":{"line":354,"column":0},"end":{"line":619,"column":2}},"15":{"start":{"line":355,"column":4},"end":{"line":617,"column":5}},"16":{"start":{"line":356,"column":22},"end":{"line":356,"column":59}},"17":{"start":{"line":357,"column":21},"end":{"line":357,"column":29}},"18":{"start":{"line":359,"column":8},"end":{"line":364,"column":9}},"19":{"start":{"line":360,"column":12},"end":{"line":363,"column":15}},"20":{"start":{"line":367,"column":8},"end":{"line":377,"column":9}},"21":{"start":{"line":370,"column":12},"end":{"line":370,"column":123}},"22":{"start":{"line":371,"column":12},"end":{"line":371,"column":141}},"23":{"start":{"line":373,"column":12},"end":{"line":376,"column":15}},"24":{"start":{"line":379,"column":54},"end":{"line":379,"column":62}},"25":{"start":{"line":381,"column":8},"end":{"line":388,"column":9}},"26":{"start":{"line":382,"column":12},"end":{"line":382,"column":283}},"27":{"start":{"line":384,"column":12},"end":{"line":387,"column":15}},"28":{"start":{"line":390,"column":8},"end":{"line":602,"column":9}},"29":{"start":{"line":392,"column":12},"end":{"line":546,"column":13}},"30":{"start":{"line":394,"column":16},"end":{"line":405,"column":17}},"31":{"start":{"line":395,"column":20},"end":{"line":395,"column":164}},"32":{"start":{"line":397,"column":20},"end":{"line":400,"column":23}},"33":{"start":{"line":403,"column":20},"end":{"line":403,"column":44}},"34":{"start":{"line":404,"column":20},"end":{"line":404,"column":140}},"35":{"start":{"line":407,"column":19},"end":{"line":546,"column":13}},"36":{"start":{"line":409,"column":16},"end":{"line":502,"column":17}},"37":{"start":{"line":412,"column":20},"end":{"line":417,"column":21}},"38":{"start":{"line":413,"column":24},"end":{"line":416,"column":27}},"39":{"start":{"line":419,"column":36},"end":{"line":422,"column":22}},"40":{"start":{"line":424,"column":20},"end":{"line":430,"column":21}},"41":{"start":{"line":425,"column":24},"end":{"line":425,"column":110}},"42":{"start":{"line":426,"column":24},"end":{"line":429,"column":27}},"43":{"start":{"line":432,"column":41},"end":{"line":432,"column":55}},"44":{"start":{"line":434,"column":33},"end":{"line":434,"column":119}},"45":{"start":{"line":437,"column":20},"end":{"line":457,"column":21}},"46":{"start":{"line":439,"column":41},"end":{"line":442,"column":25}},"47":{"start":{"line":444,"column":44},"end":{"line":447,"column":25}},"48":{"start":{"line":449,"column":37},"end":{"line":449,"column":69}},"49":{"start":{"line":450,"column":24},"end":{"line":450,"column":56}},"50":{"start":{"line":452,"column":24},"end":{"line":455,"column":27}},"51":{"start":{"line":460,"column":20},"end":{"line":460,"column":44}},"52":{"start":{"line":462,"column":20},"end":{"line":462,"column":48}},"53":{"start":{"line":463,"column":20},"end":{"line":463,"column":41}},"54":{"start":{"line":465,"column":20},"end":{"line":468,"column":22}},"55":{"start":{"line":471,"column":20},"end":{"line":471,"column":139}},"56":{"start":{"line":472,"column":20},"end":{"line":472,"column":138}},"57":{"start":{"line":475,"column":33},"end":{"line":475,"column":66}},"58":{"start":{"line":477,"column":40},"end":{"line":477,"column":81}},"59":{"start":{"line":478,"column":41},"end":{"line":478,"column":83}},"60":{"start":{"line":481,"column":20},"end":{"line":487,"column":23}},"61":{"start":{"line":486,"column":24},"end":{"line":486,"column":101}},"62":{"start":{"line":490,"column":20},"end":{"line":490,"column":38}},"63":{"start":{"line":493,"column":37},"end":{"line":493,"column":65}},"64":{"start":{"line":494,"column":20},"end":{"line":494,"column":84}},"65":{"start":{"line":497,"column":20},"end":{"line":497,"column":106}},"66":{"start":{"line":498,"column":20},"end":{"line":501,"column":23}},"67":{"start":{"line":504,"column":19},"end":{"line":546,"column":13}},"68":{"start":{"line":506,"column":16},"end":{"line":514,"column":17}},"69":{"start":{"line":508,"column":20},"end":{"line":508,"column":165}},"70":{"start":{"line":510,"column":20},"end":{"line":513,"column":23}},"71":{"start":{"line":516,"column":16},"end":{"line":516,"column":40}},"72":{"start":{"line":517,"column":16},"end":{"line":517,"column":150}},"73":{"start":{"line":519,"column":16},"end":{"line":535,"column":17}},"74":{"start":{"line":520,"column":33},"end":{"line":520,"column":66}},"75":{"start":{"line":521,"column":34},"end":{"line":521,"column":48}},"76":{"start":{"line":522,"column":33},"end":{"line":522,"column":86}},"77":{"start":{"line":523,"column":20},"end":{"line":523,"column":51}},"78":{"start":{"line":524,"column":20},"end":{"line":524,"column":175}},"79":{"start":{"line":525,"column":20},"end":{"line":525,"column":38}},"80":{"start":{"line":527,"column":20},"end":{"line":533,"column":21}},"81":{"start":{"line":528,"column":24},"end":{"line":528,"column":79}},"82":{"start":{"line":529,"column":24},"end":{"line":529,"column":42}},"83":{"start":{"line":531,"column":24},"end":{"line":531,"column":175}},"84":{"start":{"line":532,"column":24},"end":{"line":532,"column":115}},"85":{"start":{"line":539,"column":16},"end":{"line":539,"column":158}},"86":{"start":{"line":541,"column":16},"end":{"line":544,"column":19}},"87":{"start":{"line":548,"column":15},"end":{"line":602,"column":9}},"88":{"start":{"line":550,"column":33},"end":{"line":550,"column":90}},"89":{"start":{"line":551,"column":34},"end":{"line":551,"column":94}},"90":{"start":{"line":554,"column":12},"end":{"line":559,"column":13}},"91":{"start":{"line":555,"column":16},"end":{"line":558,"column":19}},"92":{"start":{"line":562,"column":29},"end":{"line":562,"column":61}},"93":{"start":{"line":563,"column":12},"end":{"line":568,"column":13}},"94":{"start":{"line":564,"column":16},"end":{"line":567,"column":19}},"95":{"start":{"line":571,"column":25},"end":{"line":571,"column":58}},"96":{"start":{"line":573,"column":12},"end":{"line":578,"column":13}},"97":{"start":{"line":574,"column":16},"end":{"line":577,"column":19}},"98":{"start":{"line":581,"column":46},"end":{"line":583,"column":13}},"99":{"start":{"line":582,"column":16},"end":{"line":582,"column":97}},"100":{"start":{"line":585,"column":12},"end":{"line":587,"column":13}},"101":{"start":{"line":586,"column":16},"end":{"line":586,"column":76}},"102":{"start":{"line":590,"column":12},"end":{"line":593,"column":15}},"103":{"start":{"line":596,"column":12},"end":{"line":596,"column":30}},"104":{"start":{"line":599,"column":12},"end":{"line":599,"column":49}},"105":{"start":{"line":600,"column":12},"end":{"line":600,"column":51}},"106":{"start":{"line":604,"column":8},"end":{"line":604,"column":29}},"107":{"start":{"line":606,"column":8},"end":{"line":609,"column":11}},"108":{"start":{"line":612,"column":8},"end":{"line":612,"column":27}},"109":{"start":{"line":613,"column":8},"end":{"line":616,"column":11}}},"fnMap":{"0":{"name":"(anonymous_0)","decl":{"start":{"line":354,"column":24},"end":{"line":354,"column":25}},"loc":{"start":{"line":354,"column":47},"end":{"line":619,"column":1}},"line":354},"1":{"name":"(anonymous_1)","decl":{"start":{"line":481,"column":75},"end":{"line":481,"column":76}},"loc":{"start":{"line":481,"column":87},"end":{"line":487,"column":21}},"line":481},"2":{"name":"(anonymous_2)","decl":{"start":{"line":581,"column":79},"end":{"line":581,"column":80}},"loc":{"start":{"line":582,"column":16},"end":{"line":582,"column":97}},"line":582}},"branchMap":{"0":{"loc":{"start":{"line":359,"column":8},"end":{"line":364,"column":9}},"type":"if","locations":[{"start":{"line":359,"column":8},"end":{"line":364,"column":9}},{"start":{},"end":{}}],"line":359},"1":{"loc":{"start":{"line":367,"column":8},"end":{"line":377,"column":9}},"type":"if","locations":[{"start":{"line":367,"column":8},"end":{"line":377,"column":9}},{"start":{},"end":{}}],"line":367},"2":{"loc":{"start":{"line":367,"column":12},"end":{"line":368,"column":111}},"type":"binary-expr","locations":[{"start":{"line":367,"column":13},"end":{"line":367,"column":33}},{"start":{"line":367,"column":37},"end":{"line":367,"column":72}},{"start":{"line":368,"column":16},"end":{"line":368,"column":44}},{"start":{"line":368,"column":48},"end":{"line":368,"column":109}}],"line":367},"3":{"loc":{"start":{"line":381,"column":8},"end":{"line":388,"column":9}},"type":"if","locations":[{"start":{"line":381,"column":8},"end":{"line":388,"column":9}},{"start":{},"end":{}}],"line":381},"4":{"loc":{"start":{"line":381,"column":12},"end":{"line":381,"column":51}},"type":"binary-expr","locations":[{"start":{"line":381,"column":12},"end":{"line":381,"column":18}},{"start":{"line":381,"column":23},"end":{"line":381,"column":34}},{"start":{"line":381,"column":38},"end":{"line":381,"column":50}}],"line":381},"5":{"loc":{"start":{"line":382,"column":112},"end":{"line":382,"column":139}},"type":"cond-expr","locations":[{"start":{"line":382,"column":126},"end":{"line":382,"column":134}},{"start":{"line":382,"column":137},"end":{"line":382,"column":139}}],"line":382},"6":{"loc":{"start":{"line":382,"column":142},"end":{"line":382,"column":184}},"type":"cond-expr","locations":[{"start":{"line":382,"column":172},"end":{"line":382,"column":179}},{"start":{"line":382,"column":182},"end":{"line":382,"column":184}}],"line":382},"7":{"loc":{"start":{"line":382,"column":142},"end":{"line":382,"column":169}},"type":"binary-expr","locations":[{"start":{"line":382,"column":142},"end":{"line":382,"column":153}},{"start":{"line":382,"column":157},"end":{"line":382,"column":169}}],"line":382},"8":{"loc":{"start":{"line":382,"column":187},"end":{"line":382,"column":215}},"type":"cond-expr","locations":[{"start":{"line":382,"column":202},"end":{"line":382,"column":210}},{"start":{"line":382,"column":213},"end":{"line":382,"column":215}}],"line":382},"9":{"loc":{"start":{"line":390,"column":8},"end":{"line":602,"column":9}},"type":"if","locations":[{"start":{"line":390,"column":8},"end":{"line":602,"column":9}},{"start":{"line":548,"column":15},"end":{"line":602,"column":9}}],"line":390},"10":{"loc":{"start":{"line":392,"column":12},"end":{"line":546,"column":13}},"type":"if","locations":[{"start":{"line":392,"column":12},"end":{"line":546,"column":13}},{"start":{"line":407,"column":19},"end":{"line":546,"column":13}}],"line":392},"11":{"loc":{"start":{"line":394,"column":16},"end":{"line":405,"column":17}},"type":"if","locations":[{"start":{"line":394,"column":16},"end":{"line":405,"column":17}},{"start":{"line":402,"column":23},"end":{"line":405,"column":17}}],"line":394},"12":{"loc":{"start":{"line":407,"column":19},"end":{"line":546,"column":13}},"type":"if","locations":[{"start":{"line":407,"column":19},"end":{"line":546,"column":13}},{"start":{"line":504,"column":19},"end":{"line":546,"column":13}}],"line":407},"13":{"loc":{"start":{"line":412,"column":20},"end":{"line":417,"column":21}},"type":"if","locations":[{"start":{"line":412,"column":20},"end":{"line":417,"column":21}},{"start":{},"end":{}}],"line":412},"14":{"loc":{"start":{"line":424,"column":20},"end":{"line":430,"column":21}},"type":"if","locations":[{"start":{"line":424,"column":20},"end":{"line":430,"column":21}},{"start":{},"end":{}}],"line":424},"15":{"loc":{"start":{"line":437,"column":20},"end":{"line":457,"column":21}},"type":"if","locations":[{"start":{"line":437,"column":20},"end":{"line":457,"column":21}},{"start":{},"end":{}}],"line":437},"16":{"loc":{"start":{"line":449,"column":37},"end":{"line":449,"column":69}},"type":"cond-expr","locations":[{"start":{"line":449,"column":50},"end":{"line":449,"column":60}},{"start":{"line":449,"column":63},"end":{"line":449,"column":69}}],"line":449},"17":{"loc":{"start":{"line":504,"column":19},"end":{"line":546,"column":13}},"type":"if","locations":[{"start":{"line":504,"column":19},"end":{"line":546,"column":13}},{"start":{"line":537,"column":19},"end":{"line":546,"column":13}}],"line":504},"18":{"loc":{"start":{"line":506,"column":16},"end":{"line":514,"column":17}},"type":"if","locations":[{"start":{"line":506,"column":16},"end":{"line":514,"column":17}},{"start":{},"end":{}}],"line":506},"19":{"loc":{"start":{"line":519,"column":16},"end":{"line":535,"column":17}},"type":"if","locations":[{"start":{"line":519,"column":16},"end":{"line":535,"column":17}},{"start":{},"end":{}}],"line":519},"20":{"loc":{"start":{"line":527,"column":20},"end":{"line":533,"column":21}},"type":"if","locations":[{"start":{"line":527,"column":20},"end":{"line":533,"column":21}},{"start":{},"end":{}}],"line":527},"21":{"loc":{"start":{"line":548,"column":15},"end":{"line":602,"column":9}},"type":"if","locations":[{"start":{"line":548,"column":15},"end":{"line":602,"column":9}},{"start":{},"end":{}}],"line":548},"22":{"loc":{"start":{"line":548,"column":19},"end":{"line":548,"column":46}},"type":"binary-expr","locations":[{"start":{"line":548,"column":19},"end":{"line":548,"column":30}},{"start":{"line":548,"column":34},"end":{"line":548,"column":46}}],"line":548},"23":{"loc":{"start":{"line":550,"column":33},"end":{"line":550,"column":90}},"type":"cond-expr","locations":[{"start":{"line":550,"column":47},"end":{"line":550,"column":68}},{"start":{"line":550,"column":71},"end":{"line":550,"column":90}}],"line":550},"24":{"loc":{"start":{"line":551,"column":34},"end":{"line":551,"column":94}},"type":"cond-expr","locations":[{"start":{"line":551,"column":49},"end":{"line":551,"column":71}},{"start":{"line":551,"column":74},"end":{"line":551,"column":94}}],"line":551},"25":{"loc":{"start":{"line":554,"column":12},"end":{"line":559,"column":13}},"type":"if","locations":[{"start":{"line":554,"column":12},"end":{"line":559,"column":13}},{"start":{},"end":{}}],"line":554},"26":{"loc":{"start":{"line":563,"column":12},"end":{"line":568,"column":13}},"type":"if","locations":[{"start":{"line":563,"column":12},"end":{"line":568,"column":13}},{"start":{},"end":{}}],"line":563},"27":{"loc":{"start":{"line":573,"column":12},"end":{"line":578,"column":13}},"type":"if","locations":[{"start":{"line":573,"column":12},"end":{"line":578,"column":13}},{"start":{},"end":{}}],"line":573},"28":{"loc":{"start":{"line":582,"column":16},"end":{"line":582,"column":97}},"type":"binary-expr","locations":[{"start":{"line":582,"column":16},"end":{"line":582,"column":56}},{"start":{"line":582,"column":60},"end":{"line":582,"column":97}}],"line":582},"29":{"loc":{"start":{"line":585,"column":12},"end":{"line":587,"column":13}},"type":"if","locations":[{"start":{"line":585,"column":12},"end":{"line":587,"column":13}},{"start":{},"end":{}}],"line":585}},"s":{"0":1,"1":1,"2":1,"3":1,"4":1,"5":1,"6":1,"7":1,"8":1,"9":1,"10":1,"11":1,"12":1,"13":1,"14":1,"15":23,"16":23,"17":22,"18":22,"19":1,"20":21,"21":1,"22":1,"23":1,"24":18,"25":18,"26":1,"27":1,"28":17,"29":11,"30":2,"31":1,"32":1,"33":1,"34":1,"35":9,"36":6,"37":6,"38":1,"39":5,"40":3,"41":1,"42":1,"43":2,"44":2,"45":2,"46":1,"47":1,"48":1,"49":1,"50":1,"51":1,"52":1,"53":1,"54":1,"55":1,"56":1,"57":1,"58":1,"59":1,"60":1,"61":0,"62":1,"63":1,"64":1,"65":2,"66":2,"67":3,"68":2,"69":1,"70":1,"71":1,"72":1,"73":1,"74":0,"75":0,"76":0,"77":0,"78":0,"79":0,"80":0,"81":0,"82":0,"83":0,"84":0,"85":1,"86":1,"87":6,"88":6,"89":6,"90":6,"91":1,"92":5,"93":5,"94":1,"95":4,"96":4,"97":1,"98":3,"99":2,"100":3,"101":2,"102":3,"103":3,"104":3,"105":3,"106":6,"107":6,"108":3,"109":3},"f":{"0":23,"1":0,"2":2},"b":{"0":[1,21],"1":[1,18],"2":[21,14,18,1],"3":[1,17],"4":[18,12,11],"5":[1,0],"6":[0,1],"7":[1,1],"8":[0,1],"9":[11,6],"10":[2,9],"11":[1,1],"12":[6,3],"13":[1,5],"14":[1,2],"15":[1,1],"16":[0,1],"17":[2,1],"18":[1,1],"19":[0,1],"20":[0,0],"21":[6,0],"22":[6,0],"23":[6,0],"24":[6,0],"25":[1,5],"26":[1,4],"27":[1,3],"28":[2,2],"29":[2,1]},"_coverageSchema":"1a1c01bbd47fc00a2c39e90264f33305004495a9","hash":"5808ccb3b15a2640c0f9d9a933315c5e1345fd29"}
,"C:\\Users\\Rirhc\\Desktop\\CU cedt\\Year_1\\Semester 2\\Software Engineering\\project\\se-project-backend-8_thecallcenter\\middleware\\auth.js": {"path":"C:\\Users\\Rirhc\\Desktop\\CU cedt\\Year_1\\Semester 2\\Software Engineering\\project\\se-project-backend-8_thecallcenter\\middleware\\auth.js","statementMap":{"0":{"start":{"line":1,"column":12},"end":{"line":1,"column":35}},"1":{"start":{"line":2,"column":13},"end":{"line":2,"column":38}},"2":{"start":{"line":5,"column":0},"end":{"line":30,"column":2}},"3":{"start":{"line":8,"column":4},"end":{"line":10,"column":5}},"4":{"start":{"line":9,"column":8},"end":{"line":9,"column":56}},"5":{"start":{"line":13,"column":4},"end":{"line":15,"column":5}},"6":{"start":{"line":14,"column":8},"end":{"line":14,"column":100}},"7":{"start":{"line":17,"column":4},"end":{"line":29,"column":5}},"8":{"start":{"line":19,"column":24},"end":{"line":19,"column":65}},"9":{"start":{"line":21,"column":8},"end":{"line":21,"column":29}},"10":{"start":{"line":23,"column":8},"end":{"line":23,"column":51}},"11":{"start":{"line":25,"column":8},"end":{"line":25,"column":15}},"12":{"start":{"line":27,"column":8},"end":{"line":27,"column":31}},"13":{"start":{"line":28,"column":8},"end":{"line":28,"column":100}},"14":{"start":{"line":33,"column":0},"end":{"line":42,"column":2}},"15":{"start":{"line":34,"column":4},"end":{"line":41,"column":5}},"16":{"start":{"line":35,"column":8},"end":{"line":39,"column":9}},"17":{"start":{"line":36,"column":12},"end":{"line":38,"column":95}},"18":{"start":{"line":40,"column":8},"end":{"line":40,"column":15}}},"fnMap":{"0":{"name":"(anonymous_0)","decl":{"start":{"line":5,"column":18},"end":{"line":5,"column":19}},"loc":{"start":{"line":5,"column":44},"end":{"line":30,"column":1}},"line":5},"1":{"name":"(anonymous_1)","decl":{"start":{"line":33,"column":20},"end":{"line":33,"column":21}},"loc":{"start":{"line":33,"column":34},"end":{"line":42,"column":1}},"line":33},"2":{"name":"(anonymous_2)","decl":{"start":{"line":34,"column":11},"end":{"line":34,"column":12}},"loc":{"start":{"line":34,"column":31},"end":{"line":41,"column":5}},"line":34}},"branchMap":{"0":{"loc":{"start":{"line":8,"column":4},"end":{"line":10,"column":5}},"type":"if","locations":[{"start":{"line":8,"column":4},"end":{"line":10,"column":5}},{"start":{},"end":{}}],"line":8},"1":{"loc":{"start":{"line":8,"column":8},"end":{"line":8,"column":83}},"type":"binary-expr","locations":[{"start":{"line":8,"column":8},"end":{"line":8,"column":33}},{"start":{"line":8,"column":37},"end":{"line":8,"column":83}}],"line":8},"2":{"loc":{"start":{"line":13,"column":4},"end":{"line":15,"column":5}},"type":"if","locations":[{"start":{"line":13,"column":4},"end":{"line":15,"column":5}},{"start":{},"end":{}}],"line":13},"3":{"loc":{"start":{"line":13,"column":8},"end":{"line":13,"column":31}},"type":"binary-expr","locations":[{"start":{"line":13,"column":8},"end":{"line":13,"column":14}},{"start":{"line":13,"column":18},"end":{"line":13,"column":31}}],"line":13},"4":{"loc":{"start":{"line":35,"column":8},"end":{"line":39,"column":9}},"type":"if","locations":[{"start":{"line":35,"column":8},"end":{"line":39,"column":9}},{"start":{},"end":{}}],"line":35}},"s":{"0":1,"1":1,"2":1,"3":0,"4":0,"5":0,"6":0,"7":0,"8":0,"9":0,"10":0,"11":0,"12":0,"13":0,"14":1,"15":2,"16":0,"17":0,"18":0},"f":{"0":0,"1":2,"2":0},"b":{"0":[0,0],"1":[0,0],"2":[0,0],"3":[0,0],"4":[0,0]},"_coverageSchema":"1a1c01bbd47fc00a2c39e90264f33305004495a9","hash":"9575e5c940bd3f3a547120495122c2a852fb6cf0"}
,"C:\\Users\\Rirhc\\Desktop\\CU cedt\\Year_1\\Semester 2\\Software Engineering\\project\\se-project-backend-8_thecallcenter\\models\\Booking.js": {"path":"C:\\Users\\Rirhc\\Desktop\\CU cedt\\Year_1\\Semester 2\\Software Engineering\\project\\se-project-backend-8_thecallcenter\\models\\Booking.js","statementMap":{"0":{"start":{"line":1,"column":17},"end":{"line":1,"column":36}},"1":{"start":{"line":3,"column":22},"end":{"line":51,"column":2}},"2":{"start":{"line":53,"column":0},"end":{"line":58,"column":3}},"3":{"start":{"line":60,"column":0},"end":{"line":60,"column":48}},"4":{"start":{"line":61,"column":0},"end":{"line":61,"column":58}}},"fnMap":{},"branchMap":{},"s":{"0":1,"1":1,"2":1,"3":1,"4":1},"f":{},"b":{},"_coverageSchema":"1a1c01bbd47fc00a2c39e90264f33305004495a9","hash":"d6075558db60e190c1e98c89b5c4c2309a3b8b84"}
,"C:\\Users\\Rirhc\\Desktop\\CU cedt\\Year_1\\Semester 2\\Software Engineering\\project\\se-project-backend-8_thecallcenter\\models\\Hotel.js": {"path":"C:\\Users\\Rirhc\\Desktop\\CU cedt\\Year_1\\Semester 2\\Software Engineering\\project\\se-project-backend-8_thecallcenter\\models\\Hotel.js","statementMap":{"0":{"start":{"line":1,"column":17},"end":{"line":1,"column":36}},"1":{"start":{"line":2,"column":23},"end":{"line":2,"column":96}},"2":{"start":{"line":4,"column":27},"end":{"line":20,"column":20}},"3":{"start":{"line":22,"column":20},"end":{"line":65,"column":2}},"4":{"start":{"line":68,"column":0},"end":{"line":73,"column":3}},"5":{"start":{"line":75,"column":0},"end":{"line":80,"column":3}},"6":{"start":{"line":82,"column":0},"end":{"line":82,"column":51}}},"fnMap":{},"branchMap":{},"s":{"0":1,"1":1,"2":1,"3":1,"4":1,"5":1,"6":1},"f":{},"b":{},"_coverageSchema":"1a1c01bbd47fc00a2c39e90264f33305004495a9","hash":"34e292dfe00a1645b33ebb221fa986ae79d1d81d"}
,"C:\\Users\\Rirhc\\Desktop\\CU cedt\\Year_1\\Semester 2\\Software Engineering\\project\\se-project-backend-8_thecallcenter\\models\\Log.js": {"path":"C:\\Users\\Rirhc\\Desktop\\CU cedt\\Year_1\\Semester 2\\Software Engineering\\project\\se-project-backend-8_thecallcenter\\models\\Log.js","statementMap":{"0":{"start":{"line":1,"column":17},"end":{"line":1,"column":36}},"1":{"start":{"line":3,"column":18},"end":{"line":25,"column":2}},"2":{"start":{"line":27,"column":0},"end":{"line":27,"column":50}}},"fnMap":{},"branchMap":{},"s":{"0":1,"1":1,"2":1},"f":{},"b":{},"_coverageSchema":"1a1c01bbd47fc00a2c39e90264f33305004495a9","hash":"ea94928154605c394cc0bb69b1611f535e028ba4"}
,"C:\\Users\\Rirhc\\Desktop\\CU cedt\\Year_1\\Semester 2\\Software Engineering\\project\\se-project-backend-8_thecallcenter\\models\\Payment.js": {"path":"C:\\Users\\Rirhc\\Desktop\\CU cedt\\Year_1\\Semester 2\\Software Engineering\\project\\se-project-backend-8_thecallcenter\\models\\Payment.js","statementMap":{"0":{"start":{"line":1,"column":17},"end":{"line":1,"column":36}},"1":{"start":{"line":3,"column":22},"end":{"line":42,"column":2}},"2":{"start":{"line":44,"column":0},"end":{"line":44,"column":58}}},"fnMap":{},"branchMap":{},"s":{"0":1,"1":1,"2":1},"f":{},"b":{},"_coverageSchema":"1a1c01bbd47fc00a2c39e90264f33305004495a9","hash":"79436187ed6c4e3bccc0abe533e1f0118bb894ee"}
,"C:\\Users\\Rirhc\\Desktop\\CU cedt\\Year_1\\Semester 2\\Software Engineering\\project\\se-project-backend-8_thecallcenter\\models\\Room.js": {"path":"C:\\Users\\Rirhc\\Desktop\\CU cedt\\Year_1\\Semester 2\\Software Engineering\\project\\se-project-backend-8_thecallcenter\\models\\Room.js","statementMap":{"0":{"start":{"line":1,"column":17},"end":{"line":1,"column":36}},"1":{"start":{"line":3,"column":19},"end":{"line":32,"column":2}},"2":{"start":{"line":34,"column":0},"end":{"line":34,"column":49}}},"fnMap":{},"branchMap":{},"s":{"0":1,"1":1,"2":1},"f":{},"b":{},"_coverageSchema":"1a1c01bbd47fc00a2c39e90264f33305004495a9","hash":"f586a7336b08be5e2c3a3b3f3e1c4333cb288919"}
,"C:\\Users\\Rirhc\\Desktop\\CU cedt\\Year_1\\Semester 2\\Software Engineering\\project\\se-project-backend-8_thecallcenter\\models\\User.js": {"path":"C:\\Users\\Rirhc\\Desktop\\CU cedt\\Year_1\\Semester 2\\Software Engineering\\project\\se-project-backend-8_thecallcenter\\models\\User.js","statementMap":{"0":{"start":{"line":1,"column":15},"end":{"line":1,"column":34}},"1":{"start":{"line":2,"column":13},"end":{"line":2,"column":32}},"2":{"start":{"line":3,"column":10},"end":{"line":3,"column":33}},"3":{"start":{"line":5,"column":17},"end":{"line":70,"column":2}},"4":{"start":{"line":73,"column":0},"end":{"line":77,"column":3}},"5":{"start":{"line":74,"column":4},"end":{"line":74,"column":52}},"6":{"start":{"line":74,"column":38},"end":{"line":74,"column":52}},"7":{"start":{"line":75,"column":15},"end":{"line":75,"column":39}},"8":{"start":{"line":76,"column":4},"end":{"line":76,"column":56}},"9":{"start":{"line":80,"column":0},"end":{"line":84,"column":2}},"10":{"start":{"line":81,"column":4},"end":{"line":83,"column":7}},"11":{"start":{"line":87,"column":0},"end":{"line":89,"column":1}},"12":{"start":{"line":88,"column":4},"end":{"line":88,"column":64}},"13":{"start":{"line":91,"column":0},"end":{"line":91,"column":51}}},"fnMap":{"0":{"name":"(anonymous_0)","decl":{"start":{"line":73,"column":22},"end":{"line":73,"column":23}},"loc":{"start":{"line":73,"column":43},"end":{"line":77,"column":1}},"line":73},"1":{"name":"(anonymous_1)","decl":{"start":{"line":80,"column":37},"end":{"line":80,"column":38}},"loc":{"start":{"line":80,"column":47},"end":{"line":84,"column":1}},"line":80},"2":{"name":"(anonymous_2)","decl":{"start":{"line":87,"column":33},"end":{"line":87,"column":34}},"loc":{"start":{"line":87,"column":64},"end":{"line":89,"column":1}},"line":87}},"branchMap":{"0":{"loc":{"start":{"line":74,"column":4},"end":{"line":74,"column":52}},"type":"if","locations":[{"start":{"line":74,"column":4},"end":{"line":74,"column":52}},{"start":{},"end":{}}],"line":74}},"s":{"0":1,"1":1,"2":1,"3":1,"4":1,"5":0,"6":0,"7":0,"8":0,"9":1,"10":0,"11":1,"12":0,"13":1},"f":{"0":0,"1":0,"2":0},"b":{"0":[0,0]},"_coverageSchema":"1a1c01bbd47fc00a2c39e90264f33305004495a9","hash":"149f5c2a4e77d1bba2e4aa5df5f75356d60d5972"}
,"C:\\Users\\Rirhc\\Desktop\\CU cedt\\Year_1\\Semester 2\\Software Engineering\\project\\se-project-backend-8_thecallcenter\\routes\\auth.js": {"path":"C:\\Users\\Rirhc\\Desktop\\CU cedt\\Year_1\\Semester 2\\Software Engineering\\project\\se-project-backend-8_thecallcenter\\routes\\auth.js","statementMap":{"0":{"start":{"line":1,"column":15},"end":{"line":1,"column":33}},"1":{"start":{"line":2,"column":72},"end":{"line":2,"column":102}},"2":{"start":{"line":5,"column":13},"end":{"line":5,"column":29}},"3":{"start":{"line":7,"column":27},"end":{"line":7,"column":56}},"4":{"start":{"line":9,"column":0},"end":{"line":9,"column":35}},"5":{"start":{"line":10,"column":0},"end":{"line":10,"column":29}},"6":{"start":{"line":11,"column":0},"end":{"line":11,"column":34}},"7":{"start":{"line":12,"column":0},"end":{"line":12,"column":30}},"8":{"start":{"line":13,"column":0},"end":{"line":13,"column":52}},"9":{"start":{"line":14,"column":0},"end":{"line":14,"column":60}},"10":{"start":{"line":15,"column":0},"end":{"line":15,"column":64}},"11":{"start":{"line":18,"column":0},"end":{"line":18,"column":22}}},"fnMap":{},"branchMap":{},"s":{"0":1,"1":1,"2":1,"3":1,"4":1,"5":1,"6":1,"7":1,"8":1,"9":1,"10":1,"11":1},"f":{},"b":{},"_coverageSchema":"1a1c01bbd47fc00a2c39e90264f33305004495a9","hash":"db7f6e9e2ddbf7c07c803a8ad5bf9e871622f4b5"}
,"C:\\Users\\Rirhc\\Desktop\\CU cedt\\Year_1\\Semester 2\\Software Engineering\\project\\se-project-backend-8_thecallcenter\\utils\\checkMembershipTier.js": {"path":"C:\\Users\\Rirhc\\Desktop\\CU cedt\\Year_1\\Semester 2\\Software Engineering\\project\\se-project-backend-8_thecallcenter\\utils\\checkMembershipTier.js","statementMap":{"0":{"start":{"line":1,"column":0},"end":{"line":16,"column":1}},"1":{"start":{"line":2,"column":4},"end":{"line":14,"column":5}},"2":{"start":{"line":3,"column":8},"end":{"line":3,"column":25}},"3":{"start":{"line":4,"column":10},"end":{"line":14,"column":5}},"4":{"start":{"line":5,"column":8},"end":{"line":5,"column":26}},"5":{"start":{"line":6,"column":10},"end":{"line":14,"column":5}},"6":{"start":{"line":7,"column":8},"end":{"line":7,"column":22}},"7":{"start":{"line":8,"column":10},"end":{"line":14,"column":5}},"8":{"start":{"line":9,"column":8},"end":{"line":9,"column":24}},"9":{"start":{"line":10,"column":10},"end":{"line":14,"column":5}},"10":{"start":{"line":11,"column":8},"end":{"line":11,"column":24}},"11":{"start":{"line":13,"column":8},"end":{"line":13,"column":21}}},"fnMap":{"0":{"name":"(anonymous_0)","decl":{"start":{"line":1,"column":20},"end":{"line":1,"column":21}},"loc":{"start":{"line":1,"column":30},"end":{"line":16,"column":1}},"line":1}},"branchMap":{"0":{"loc":{"start":{"line":2,"column":4},"end":{"line":14,"column":5}},"type":"if","locations":[{"start":{"line":2,"column":4},"end":{"line":14,"column":5}},{"start":{"line":4,"column":10},"end":{"line":14,"column":5}}],"line":2},"1":{"loc":{"start":{"line":4,"column":10},"end":{"line":14,"column":5}},"type":"if","locations":[{"start":{"line":4,"column":10},"end":{"line":14,"column":5}},{"start":{"line":6,"column":10},"end":{"line":14,"column":5}}],"line":4},"2":{"loc":{"start":{"line":6,"column":10},"end":{"line":14,"column":5}},"type":"if","locations":[{"start":{"line":6,"column":10},"end":{"line":14,"column":5}},{"start":{"line":8,"column":10},"end":{"line":14,"column":5}}],"line":6},"3":{"loc":{"start":{"line":8,"column":10},"end":{"line":14,"column":5}},"type":"if","locations":[{"start":{"line":8,"column":10},"end":{"line":14,"column":5}},{"start":{"line":10,"column":10},"end":{"line":14,"column":5}}],"line":8},"4":{"loc":{"start":{"line":10,"column":10},"end":{"line":14,"column":5}},"type":"if","locations":[{"start":{"line":10,"column":10},"end":{"line":14,"column":5}},{"start":{"line":12,"column":9},"end":{"line":14,"column":5}}],"line":10}},"s":{"0":1,"1":0,"2":0,"3":0,"4":0,"5":0,"6":0,"7":0,"8":0,"9":0,"10":0,"11":0},"f":{"0":0},"b":{"0":[0,0],"1":[0,0],"2":[0,0],"3":[0,0],"4":[0,0]},"_coverageSchema":"1a1c01bbd47fc00a2c39e90264f33305004495a9","hash":"2f22119a391a76b7b83e6e4b2befdd592e5c3336"}
,"C:\\Users\\Rirhc\\Desktop\\CU cedt\\Year_1\\Semester 2\\Software Engineering\\project\\se-project-backend-8_thecallcenter\\utils\\logCreation.js": {"path":"C:\\Users\\Rirhc\\Desktop\\CU cedt\\Year_1\\Semester 2\\Software Engineering\\project\\se-project-backend-8_thecallcenter\\utils\\logCreation.js","statementMap":{"0":{"start":{"line":1,"column":12},"end":{"line":1,"column":36}},"1":{"start":{"line":3,"column":0},"end":{"line":15,"column":1}},"2":{"start":{"line":4,"column":21},"end":{"line":9,"column":6}},"3":{"start":{"line":11,"column":4},"end":{"line":14,"column":11}},"4":{"start":{"line":13,"column":12},"end":{"line":13,"column":60}}},"fnMap":{"0":{"name":"(anonymous_0)","decl":{"start":{"line":3,"column":22},"end":{"line":3,"column":23}},"loc":{"start":{"line":3,"column":48},"end":{"line":15,"column":1}},"line":3},"1":{"name":"(anonymous_1)","decl":{"start":{"line":12,"column":15},"end":{"line":12,"column":16}},"loc":{"start":{"line":12,"column":24},"end":{"line":14,"column":9}},"line":12}},"branchMap":{},"s":{"0":1,"1":1,"2":0,"3":0,"4":0},"f":{"0":0,"1":0},"b":{},"_coverageSchema":"1a1c01bbd47fc00a2c39e90264f33305004495a9","hash":"b8d57bad657b3cee522f93efe7db442d9335fd03"}
,"C:\\Users\\Rirhc\\Desktop\\CU cedt\\Year_1\\Semester 2\\Software Engineering\\project\\se-project-backend-8_thecallcenter\\utils\\paymentTimeoutUtil.js": {"path":"C:\\Users\\Rirhc\\Desktop\\CU cedt\\Year_1\\Semester 2\\Software Engineering\\project\\se-project-backend-8_thecallcenter\\utils\\paymentTimeoutUtil.js","statementMap":{"0":{"start":{"line":2,"column":16},"end":{"line":2,"column":44}},"1":{"start":{"line":3,"column":20},"end":{"line":3,"column":44}},"2":{"start":{"line":4,"column":0},"end":{"line":19,"column":2}},"3":{"start":{"line":5,"column":2},"end":{"line":18,"column":14}},"4":{"start":{"line":6,"column":4},"end":{"line":17,"column":5}},"5":{"start":{"line":7,"column":29},"end":{"line":7,"column":62}},"6":{"start":{"line":8,"column":6},"end":{"line":14,"column":7}},"7":{"start":{"line":9,"column":8},"end":{"line":9,"column":41}},"8":{"start":{"line":10,"column":8},"end":{"line":10,"column":36}},"9":{"start":{"line":12,"column":8},"end":{"line":12,"column":87}},"10":{"start":{"line":13,"column":8},"end":{"line":13,"column":127}},"11":{"start":{"line":16,"column":6},"end":{"line":16,"column":81}}},"fnMap":{"0":{"name":"(anonymous_0)","decl":{"start":{"line":4,"column":33},"end":{"line":4,"column":34}},"loc":{"start":{"line":4,"column":65},"end":{"line":19,"column":1}},"line":4},"1":{"name":"(anonymous_1)","decl":{"start":{"line":5,"column":13},"end":{"line":5,"column":14}},"loc":{"start":{"line":5,"column":25},"end":{"line":18,"column":3}},"line":5}},"branchMap":{"0":{"loc":{"start":{"line":4,"column":45},"end":{"line":4,"column":60}},"type":"default-arg","locations":[{"start":{"line":4,"column":55},"end":{"line":4,"column":60}}],"line":4},"1":{"loc":{"start":{"line":8,"column":6},"end":{"line":14,"column":7}},"type":"if","locations":[{"start":{"line":8,"column":6},"end":{"line":14,"column":7}},{"start":{},"end":{}}],"line":8},"2":{"loc":{"start":{"line":8,"column":10},"end":{"line":8,"column":62}},"type":"binary-expr","locations":[{"start":{"line":8,"column":10},"end":{"line":8,"column":24}},{"start":{"line":8,"column":28},"end":{"line":8,"column":62}}],"line":8}},"s":{"0":1,"1":1,"2":1,"3":0,"4":0,"5":0,"6":0,"7":0,"8":0,"9":0,"10":0,"11":0},"f":{"0":0,"1":0},"b":{"0":[0],"1":[0,0],"2":[0,0]},"_coverageSchema":"1a1c01bbd47fc00a2c39e90264f33305004495a9","hash":"9ab94dbca629cb11e5e9ae8d32e5a91a0f681cd4"}
,"C:\\Users\\Rirhc\\Desktop\\CU cedt\\Year_1\\Semester 2\\Software Engineering\\project\\se-project-backend-8_thecallcenter\\utils\\refundCalculation.js": {"path":"C:\\Users\\Rirhc\\Desktop\\CU cedt\\Year_1\\Semester 2\\Software Engineering\\project\\se-project-backend-8_thecallcenter\\utils\\refundCalculation.js","statementMap":{"0":{"start":{"line":2,"column":0},"end":{"line":55,"column":1}},"1":{"start":{"line":4,"column":4},"end":{"line":4,"column":46}},"2":{"start":{"line":5,"column":4},"end":{"line":5,"column":48}},"3":{"start":{"line":6,"column":4},"end":{"line":6,"column":56}},"4":{"start":{"line":7,"column":4},"end":{"line":7,"column":50}},"5":{"start":{"line":9,"column":17},"end":{"line":9,"column":36}},"6":{"start":{"line":12,"column":4},"end":{"line":51,"column":5}},"7":{"start":{"line":14,"column":8},"end":{"line":18,"column":9}},"8":{"start":{"line":15,"column":12},"end":{"line":15,"column":32}},"9":{"start":{"line":17,"column":12},"end":{"line":17,"column":32}},"10":{"start":{"line":20,"column":11},"end":{"line":51,"column":5}},"11":{"start":{"line":22,"column":8},"end":{"line":22,"column":28}},"12":{"start":{"line":26,"column":8},"end":{"line":50,"column":9}},"13":{"start":{"line":27,"column":12},"end":{"line":27,"column":32}},"14":{"start":{"line":28,"column":15},"end":{"line":50,"column":9}},"15":{"start":{"line":30,"column":12},"end":{"line":34,"column":13}},"16":{"start":{"line":31,"column":16},"end":{"line":31,"column":36}},"17":{"start":{"line":33,"column":16},"end":{"line":33,"column":36}},"18":{"start":{"line":36,"column":15},"end":{"line":50,"column":9}},"19":{"start":{"line":38,"column":12},"end":{"line":44,"column":13}},"20":{"start":{"line":39,"column":16},"end":{"line":39,"column":37}},"21":{"start":{"line":40,"column":19},"end":{"line":44,"column":13}},"22":{"start":{"line":41,"column":16},"end":{"line":41,"column":36}},"23":{"start":{"line":43,"column":16},"end":{"line":43,"column":36}},"24":{"start":{"line":48,"column":12},"end":{"line":48,"column":30}},"25":{"start":{"line":53,"column":4},"end":{"line":53,"column":62}},"26":{"start":{"line":54,"column":4},"end":{"line":54,"column":40}}},"fnMap":{"0":{"name":"(anonymous_0)","decl":{"start":{"line":2,"column":28},"end":{"line":2,"column":29}},"loc":{"start":{"line":2,"column":92},"end":{"line":55,"column":1}},"line":2}},"branchMap":{"0":{"loc":{"start":{"line":12,"column":4},"end":{"line":51,"column":5}},"type":"if","locations":[{"start":{"line":12,"column":4},"end":{"line":51,"column":5}},{"start":{"line":20,"column":11},"end":{"line":51,"column":5}}],"line":12},"1":{"loc":{"start":{"line":14,"column":8},"end":{"line":18,"column":9}},"type":"if","locations":[{"start":{"line":14,"column":8},"end":{"line":18,"column":9}},{"start":{"line":16,"column":15},"end":{"line":18,"column":9}}],"line":14},"2":{"loc":{"start":{"line":20,"column":11},"end":{"line":51,"column":5}},"type":"if","locations":[{"start":{"line":20,"column":11},"end":{"line":51,"column":5}},{"start":{"line":24,"column":11},"end":{"line":51,"column":5}}],"line":20},"3":{"loc":{"start":{"line":26,"column":8},"end":{"line":50,"column":9}},"type":"if","locations":[{"start":{"line":26,"column":8},"end":{"line":50,"column":9}},{"start":{"line":28,"column":15},"end":{"line":50,"column":9}}],"line":26},"4":{"loc":{"start":{"line":28,"column":15},"end":{"line":50,"column":9}},"type":"if","locations":[{"start":{"line":28,"column":15},"end":{"line":50,"column":9}},{"start":{"line":36,"column":15},"end":{"line":50,"column":9}}],"line":28},"5":{"loc":{"start":{"line":30,"column":12},"end":{"line":34,"column":13}},"type":"if","locations":[{"start":{"line":30,"column":12},"end":{"line":34,"column":13}},{"start":{"line":32,"column":19},"end":{"line":34,"column":13}}],"line":30},"6":{"loc":{"start":{"line":36,"column":15},"end":{"line":50,"column":9}},"type":"if","locations":[{"start":{"line":36,"column":15},"end":{"line":50,"column":9}},{"start":{"line":46,"column":15},"end":{"line":50,"column":9}}],"line":36},"7":{"loc":{"start":{"line":38,"column":12},"end":{"line":44,"column":13}},"type":"if","locations":[{"start":{"line":38,"column":12},"end":{"line":44,"column":13}},{"start":{"line":40,"column":19},"end":{"line":44,"column":13}}],"line":38},"8":{"loc":{"start":{"line":40,"column":19},"end":{"line":44,"column":13}},"type":"if","locations":[{"start":{"line":40,"column":19},"end":{"line":44,"column":13}},{"start":{"line":42,"column":19},"end":{"line":44,"column":13}}],"line":40}},"s":{"0":1,"1":0,"2":0,"3":0,"4":0,"5":0,"6":0,"7":0,"8":0,"9":0,"10":0,"11":0,"12":0,"13":0,"14":0,"15":0,"16":0,"17":0,"18":0,"19":0,"20":0,"21":0,"22":0,"23":0,"24":0,"25":0,"26":0},"f":{"0":0},"b":{"0":[0,0],"1":[0,0],"2":[0,0],"3":[0,0],"4":[0,0],"5":[0,0],"6":[0,0],"7":[0,0],"8":[0,0]},"_coverageSchema":"1a1c01bbd47fc00a2c39e90264f33305004495a9","hash":"5f51bf3a09d86fa8842480f7407ffc4a3957caab"}
,"C:\\Users\\Rirhc\\Desktop\\CU cedt\\Year_1\\Semester 2\\Software Engineering\\project\\se-project-backend-8_thecallcenter\\utils\\sendEmails.js": {"path":"C:\\Users\\Rirhc\\Desktop\\CU cedt\\Year_1\\Semester 2\\Software Engineering\\project\\se-project-backend-8_thecallcenter\\utils\\sendEmails.js","statementMap":{"0":{"start":{"line":1,"column":19},"end":{"line":1,"column":40}},"1":{"start":{"line":3,"column":18},"end":{"line":3,"column":38}},"2":{"start":{"line":5,"column":20},"end":{"line":5,"column":48}},"3":{"start":{"line":8,"column":20},"end":{"line":17,"column":2}},"4":{"start":{"line":19,"column":0},"end":{"line":50,"column":2}},"5":{"start":{"line":20,"column":24},"end":{"line":42,"column":5}},"6":{"start":{"line":43,"column":4},"end":{"line":49,"column":7}},"7":{"start":{"line":44,"column":8},"end":{"line":48,"column":9}},"8":{"start":{"line":45,"column":12},"end":{"line":45,"column":43}},"9":{"start":{"line":47,"column":12},"end":{"line":47,"column":56}},"10":{"start":{"line":52,"column":0},"end":{"line":83,"column":2}},"11":{"start":{"line":53,"column":24},"end":{"line":75,"column":5}},"12":{"start":{"line":76,"column":4},"end":{"line":82,"column":7}},"13":{"start":{"line":77,"column":8},"end":{"line":81,"column":9}},"14":{"start":{"line":78,"column":12},"end":{"line":78,"column":43}},"15":{"start":{"line":80,"column":12},"end":{"line":80,"column":56}},"16":{"start":{"line":86,"column":0},"end":{"line":127,"column":2}},"17":{"start":{"line":87,"column":24},"end":{"line":119,"column":5}},"18":{"start":{"line":120,"column":4},"end":{"line":126,"column":7}},"19":{"start":{"line":121,"column":8},"end":{"line":125,"column":9}},"20":{"start":{"line":122,"column":12},"end":{"line":122,"column":43}},"21":{"start":{"line":124,"column":12},"end":{"line":124,"column":56}}},"fnMap":{"0":{"name":"(anonymous_0)","decl":{"start":{"line":19,"column":25},"end":{"line":19,"column":26}},"loc":{"start":{"line":19,"column":58},"end":{"line":50,"column":1}},"line":19},"1":{"name":"(anonymous_1)","decl":{"start":{"line":43,"column":38},"end":{"line":43,"column":39}},"loc":{"start":{"line":43,"column":59},"end":{"line":49,"column":5}},"line":43},"2":{"name":"(anonymous_2)","decl":{"start":{"line":52,"column":21},"end":{"line":52,"column":22}},"loc":{"start":{"line":52,"column":66},"end":{"line":83,"column":1}},"line":52},"3":{"name":"(anonymous_3)","decl":{"start":{"line":76,"column":38},"end":{"line":76,"column":39}},"loc":{"start":{"line":76,"column":59},"end":{"line":82,"column":5}},"line":76},"4":{"name":"(anonymous_4)","decl":{"start":{"line":86,"column":29},"end":{"line":86,"column":30}},"loc":{"start":{"line":86,"column":92},"end":{"line":127,"column":1}},"line":86},"5":{"name":"(anonymous_5)","decl":{"start":{"line":120,"column":38},"end":{"line":120,"column":39}},"loc":{"start":{"line":120,"column":59},"end":{"line":126,"column":5}},"line":120}},"branchMap":{"0":{"loc":{"start":{"line":44,"column":8},"end":{"line":48,"column":9}},"type":"if","locations":[{"start":{"line":44,"column":8},"end":{"line":48,"column":9}},{"start":{"line":46,"column":15},"end":{"line":48,"column":9}}],"line":44},"1":{"loc":{"start":{"line":77,"column":8},"end":{"line":81,"column":9}},"type":"if","locations":[{"start":{"line":77,"column":8},"end":{"line":81,"column":9}},{"start":{"line":79,"column":15},"end":{"line":81,"column":9}}],"line":77},"2":{"loc":{"start":{"line":121,"column":8},"end":{"line":125,"column":9}},"type":"if","locations":[{"start":{"line":121,"column":8},"end":{"line":125,"column":9}},{"start":{"line":123,"column":15},"end":{"line":125,"column":9}}],"line":121}},"s":{"0":1,"1":1,"2":1,"3":1,"4":1,"5":0,"6":0,"7":0,"8":0,"9":0,"10":1,"11":1,"12":1,"13":0,"14":0,"15":0,"16":1,"17":0,"18":0,"19":0,"20":0,"21":0},"f":{"0":0,"1":0,"2":1,"3":0,"4":0,"5":0},"b":{"0":[0,0],"1":[0,0],"2":[0,0]},"_coverageSchema":"1a1c01bbd47fc00a2c39e90264f33305004495a9","hash":"792d1546aadef3ad05613c45c421f547ce398c55"}
}
