TN:
SF:controllers\payments.js
FN:12,(anonymous_0)
FN:16,(anonymous_1)
FN:18,(anonymous_2)
FN:85,(anonymous_3)
FN:125,(anonymous_4)
FN:187,(anonymous_5)
FN:313,(anonymous_6)
FNF:7
FNH:1
FNDA:0,(anonymous_0)
FNDA:0,(anonymous_1)
FNDA:0,(anonymous_2)
FNDA:0,(anonymous_3)
FNDA:0,(anonymous_4)
FNDA:11,(anonymous_5)
FNDA:0,(anonymous_6)
DA:1,1
DA:2,1
DA:3,1
DA:4,1
DA:5,1
DA:6,1
DA:7,1
DA:12,1
DA:14,0
DA:15,0
DA:16,0
DA:17,0
DA:18,0
DA:19,0
DA:20,0
DA:21,0
DA:23,0
DA:25,0
DA:26,0
DA:27,0
DA:29,0
DA:32,0
DA:33,0
DA:34,0
DA:35,0
DA:36,0
DA:37,0
DA:38,0
DA:39,0
DA:40,0
DA:45,0
DA:46,0
DA:47,0
DA:48,0
DA:49,0
DA:52,0
DA:53,0
DA:55,0
DA:63,0
DA:73,0
DA:74,0
DA:75,0
DA:85,1
DA:86,0
DA:87,0
DA:96,0
DA:97,0
DA:103,0
DA:104,0
DA:110,0
DA:115,0
DA:125,1
DA:126,0
DA:127,0
DA:129,0
DA:131,0
DA:133,0
DA:134,0
DA:140,0
DA:141,0
DA:147,0
DA:148,0
DA:155,0
DA:164,0
DA:165,0
DA:167,0
DA:168,0
DA:171,0
DA:177,0
DA:187,1
DA:188,11
DA:189,11
DA:193,10
DA:194,1
DA:200,9
DA:201,9
DA:202,9
DA:203,9
DA:206,9
DA:207,9
DA:218,9
DA:219,2
DA:221,1
DA:222,1
DA:223,1
DA:229,1
DA:231,1
DA:232,1
DA:233,1
DA:236,7
DA:237,1
DA:238,1
DA:239,1
DA:241,6
DA:242,2
DA:244,1
DA:245,1
DA:246,1
DA:251,1
DA:253,1
DA:254,1
DA:258,1
DA:259,1
DA:260,1
DA:262,1
DA:263,1
DA:264,4
DA:265,1
DA:266,1
DA:271,3
DA:272,1
DA:273,1
DA:279,5
DA:280,2
DA:281,1
DA:282,1
DA:290,4
DA:291,4
DA:293,4
DA:295,4
DA:301,1
DA:303,1
DA:313,1
DA:314,0
DA:315,0
DA:316,0
DA:318,0
DA:319,0
DA:324,0
DA:325,0
DA:326,0
DA:328,0
DA:333,0
LF:133
LH:64
BRDA:20,0,0,0
BRDA:20,0,1,0
BRDA:25,1,0,0
BRDA:25,1,1,0
BRDA:35,2,0,0
BRDA:35,2,1,0
BRDA:36,3,0,0
BRDA:36,3,1,0
BRDA:39,4,0,0
BRDA:39,4,1,0
BRDA:48,5,0,0
BRDA:48,5,1,0
BRDA:49,6,0,0
BRDA:49,6,1,0
BRDA:52,7,0,0
BRDA:52,7,1,0
BRDA:96,8,0,0
BRDA:96,8,1,0
BRDA:103,9,0,0
BRDA:103,9,1,0
BRDA:103,10,0,0
BRDA:103,10,1,0
BRDA:133,11,0,0
BRDA:133,11,1,0
BRDA:140,12,0,0
BRDA:140,12,1,0
BRDA:140,13,0,0
BRDA:140,13,1,0
BRDA:147,14,0,0
BRDA:147,14,1,0
BRDA:147,15,0,0
BRDA:147,15,1,0
BRDA:168,16,0,0
BRDA:168,16,1,0
BRDA:193,17,0,1
BRDA:193,17,1,9
BRDA:218,18,0,2
BRDA:218,18,1,7
BRDA:218,19,0,9
BRDA:218,19,1,7
BRDA:219,20,0,1
BRDA:219,20,1,1
BRDA:236,21,0,1
BRDA:236,21,1,6
BRDA:236,22,0,7
BRDA:236,22,1,5
BRDA:241,23,0,2
BRDA:241,23,1,4
BRDA:241,24,0,6
BRDA:241,24,1,4
BRDA:242,25,0,1
BRDA:242,25,1,1
BRDA:251,26,0,1
BRDA:251,26,1,0
BRDA:259,27,0,1
BRDA:259,27,1,0
BRDA:264,28,0,1
BRDA:264,28,1,3
BRDA:264,29,0,4
BRDA:264,29,1,2
BRDA:271,30,0,1
BRDA:271,30,1,2
BRDA:279,31,0,2
BRDA:279,31,1,3
BRDA:280,32,0,1
BRDA:280,32,1,1
BRDA:280,33,0,2
BRDA:280,33,1,2
BRDA:290,34,0,4
BRDA:290,34,1,4
BRDA:291,35,0,4
BRDA:291,35,1,3
BRDA:318,36,0,0
BRDA:318,36,1,0
BRF:74
BRH:36
end_of_record
TN:
SF:models\Booking.js
FNF:0
FNH:0
DA:1,1
DA:3,1
DA:53,1
DA:60,1
DA:61,1
LF:5
LH:5
BRF:0
BRH:0
end_of_record
TN:
SF:models\Hotel.js
FNF:0
FNH:0
DA:1,1
DA:2,1
DA:4,1
DA:22,1
DA:68,1
DA:75,1
DA:82,1
LF:7
LH:7
BRF:0
BRH:0
end_of_record
TN:
SF:models\Payment.js
FNF:0
FNH:0
DA:1,1
DA:3,1
DA:44,1
LF:3
LH:3
BRF:0
BRH:0
end_of_record
TN:
SF:models\Room.js
FNF:0
FNH:0
DA:1,1
DA:3,1
DA:34,1
LF:3
LH:3
BRF:0
BRH:0
end_of_record
TN:
SF:models\User.js
FN:73,(anonymous_0)
FN:80,(anonymous_1)
FN:87,(anonymous_2)
FNF:3
FNH:0
FNDA:0,(anonymous_0)
FNDA:0,(anonymous_1)
FNDA:0,(anonymous_2)
DA:1,1
DA:2,1
DA:3,1
DA:5,1
DA:73,1
DA:74,0
DA:75,0
DA:76,0
DA:80,1
DA:81,0
DA:87,1
DA:88,0
DA:91,1
LF:13
LH:8
BRDA:74,0,0,0
BRDA:74,0,1,0
BRF:2
BRH:0
end_of_record
TN:
SF:utils\paymentTimeoutUtil.js
FN:4,(anonymous_0)
FN:5,(anonymous_1)
FNF:2
FNH:0
FNDA:0,(anonymous_0)
FNDA:0,(anonymous_1)
DA:2,1
DA:3,1
DA:4,1
DA:5,0
DA:6,0
DA:7,0
DA:8,0
DA:9,0
DA:10,0
DA:12,0
DA:13,0
DA:16,0
LF:12
LH:3
BRDA:4,0,0,0
BRDA:8,1,0,0
BRDA:8,1,1,0
BRDA:8,2,0,0
BRDA:8,2,1,0
BRF:5
BRH:0
end_of_record
TN:
SF:utils\sendEmails.js
FN:19,(anonymous_0)
FN:43,(anonymous_1)
FN:52,(anonymous_2)
FN:76,(anonymous_3)
FN:86,(anonymous_4)
FN:120,(anonymous_5)
FNF:6
FNH:2
FNDA:1,(anonymous_0)
FNDA:0,(anonymous_1)
FNDA:0,(anonymous_2)
FNDA:0,(anonymous_3)
FNDA:2,(anonymous_4)
FNDA:0,(anonymous_5)
DA:1,1
DA:3,1
DA:5,1
DA:8,1
DA:19,1
DA:20,1
DA:43,1
DA:44,0
DA:45,0
DA:47,0
DA:52,1
DA:53,0
DA:76,0
DA:77,0
DA:78,0
DA:80,0
DA:86,1
DA:87,2
DA:120,2
DA:121,0
DA:122,0
DA:124,0
LF:22
LH:11
BRDA:44,0,0,0
BRDA:44,0,1,0
BRDA:77,1,0,0
BRDA:77,1,1,0
BRDA:121,2,0,0
BRDA:121,2,1,0
BRF:6
BRH:0
end_of_record
