TN:
SF:controllers\auth.js
FN:8,(anonymous_0)
FN:33,(anonymous_1)
FN:63,(anonymous_2)
FN:85,(anonymous_3)
FN:96,(anonymous_4)
FN:112,(anonymous_5)
FN:148,(anonymous_6)
FN:153,(anonymous_7)
FN:156,(anonymous_8)
FN:259,(anonymous_9)
FNF:10
FNH:0
FNDA:0,(anonymous_0)
FNDA:0,(anonymous_1)
FNDA:0,(anonymous_2)
FNDA:0,(anonymous_3)
FNDA:0,(anonymous_4)
FNDA:0,(anonymous_5)
FNDA:0,(anonymous_6)
FNDA:0,(anonymous_7)
FNDA:0,(anonymous_8)
FNDA:0,(anonymous_9)
DA:1,1
DA:2,1
DA:8,1
DA:9,0
DA:10,0
DA:13,0
DA:22,0
DA:25,0
DA:26,0
DA:33,1
DA:34,0
DA:35,0
DA:38,0
DA:39,0
DA:43,0
DA:45,0
DA:46,0
DA:50,0
DA:52,0
DA:53,0
DA:56,0
DA:58,0
DA:63,1
DA:65,0
DA:67,0
DA:72,0
DA:73,0
DA:76,0
DA:85,1
DA:86,0
DA:87,0
DA:96,1
DA:97,0
DA:102,0
DA:112,1
DA:113,0
DA:114,0
DA:115,0
DA:116,0
DA:118,0
DA:119,0
DA:122,0
DA:123,0
DA:126,0
DA:127,0
DA:130,0
DA:131,0
DA:134,0
DA:135,0
DA:137,0
DA:139,0
DA:140,0
DA:148,1
DA:151,0
DA:152,0
DA:153,0
DA:155,0
DA:156,0
DA:157,0
DA:159,0
DA:160,0
DA:161,0
DA:162,0
DA:165,0
DA:166,0
DA:167,0
DA:169,0
DA:171,0
DA:172,0
DA:173,0
DA:176,0
DA:177,0
DA:178,0
DA:180,0
DA:183,0
DA:209,0
DA:210,0
DA:211,0
DA:212,0
DA:213,0
DA:214,0
DA:216,0
DA:217,0
DA:223,0
DA:224,0
DA:226,0
DA:228,0
DA:229,0
DA:232,0
DA:233,0
DA:236,0
DA:238,0
DA:250,0
DA:251,0
DA:252,0
DA:259,1
DA:260,0
DA:261,0
DA:263,0
DA:264,0
DA:267,0
DA:269,0
LF:102
LH:10
BRDA:38,0,0,0
BRDA:38,0,1,0
BRDA:38,1,0,0
BRDA:38,1,1,0
BRDA:45,2,0,0
BRDA:45,2,1,0
BRDA:52,3,0,0
BRDA:52,3,1,0
BRDA:72,4,0,0
BRDA:72,4,1,0
BRDA:115,5,0,0
BRDA:115,5,1,0
BRDA:118,6,0,0
BRDA:118,6,1,0
BRDA:118,7,0,0
BRDA:118,7,1,0
BRDA:122,8,0,0
BRDA:122,8,1,0
BRDA:126,9,0,0
BRDA:126,9,1,0
BRDA:130,10,0,0
BRDA:130,10,1,0
BRDA:159,11,0,0
BRDA:159,11,1,0
BRDA:165,12,0,0
BRDA:165,12,1,0
BRDA:171,13,0,0
BRDA:171,13,1,0
BRDA:176,14,0,0
BRDA:176,14,1,0
BRDA:211,15,0,0
BRDA:211,15,1,0
BRDA:212,16,0,0
BRDA:212,16,1,0
BRDA:216,17,0,0
BRDA:216,17,1,0
BRDA:228,18,0,0
BRDA:228,18,1,0
BRDA:229,19,0,0
BRDA:229,19,1,0
BRDA:232,20,0,0
BRDA:232,20,1,0
BRDA:243,21,0,0
BRDA:243,21,1,0
BRDA:263,22,0,0
BRDA:263,22,1,0
BRF:46
BRH:0
end_of_record
TN:
SF:controllers\bookings.js
FN:354,(anonymous_0)
FN:481,(anonymous_1)
FN:581,(anonymous_2)
FNF:3
FNH:2
FNDA:23,(anonymous_0)
FNDA:0,(anonymous_1)
FNDA:2,(anonymous_2)
DA:1,1
DA:2,1
DA:3,1
DA:4,1
DA:5,1
DA:6,1
DA:7,1
DA:8,1
DA:9,1
DA:10,1
DA:11,1
DA:12,1
DA:13,1
DA:14,1
DA:354,1
DA:355,23
DA:356,23
DA:357,22
DA:359,22
DA:360,1
DA:367,21
DA:370,1
DA:371,1
DA:373,1
DA:379,18
DA:381,18
DA:382,1
DA:384,1
DA:390,17
DA:392,11
DA:394,2
DA:395,1
DA:397,1
DA:403,1
DA:404,1
DA:407,9
DA:409,6
DA:412,6
DA:413,1
DA:419,5
DA:424,3
DA:425,1
DA:426,1
DA:432,2
DA:434,2
DA:437,2
DA:439,1
DA:444,1
DA:449,1
DA:450,1
DA:452,1
DA:460,1
DA:462,1
DA:463,1
DA:465,1
DA:471,1
DA:472,1
DA:475,1
DA:477,1
DA:478,1
DA:481,1
DA:486,0
DA:490,1
DA:493,1
DA:494,1
DA:497,2
DA:498,2
DA:504,3
DA:506,2
DA:508,1
DA:510,1
DA:516,1
DA:517,1
DA:519,1
DA:520,0
DA:521,0
DA:522,0
DA:523,0
DA:524,0
DA:525,0
DA:527,0
DA:528,0
DA:529,0
DA:531,0
DA:532,0
DA:539,1
DA:541,1
DA:548,6
DA:550,6
DA:551,6
DA:554,6
DA:555,1
DA:562,5
DA:563,5
DA:564,1
DA:571,4
DA:573,4
DA:574,1
DA:581,3
DA:582,2
DA:585,3
DA:586,2
DA:590,3
DA:596,3
DA:599,3
DA:600,3
DA:604,6
DA:606,6
DA:612,3
DA:613,3
LF:110
LH:98
BRDA:359,0,0,1
BRDA:359,0,1,21
BRDA:367,1,0,1
BRDA:367,1,1,18
BRDA:367,2,0,21
BRDA:367,2,1,14
BRDA:367,2,2,18
BRDA:367,2,3,1
BRDA:381,3,0,1
BRDA:381,3,1,17
BRDA:381,4,0,18
BRDA:381,4,1,12
BRDA:381,4,2,11
BRDA:382,5,0,1
BRDA:382,5,1,0
BRDA:382,6,0,0
BRDA:382,6,1,1
BRDA:382,7,0,1
BRDA:382,7,1,1
BRDA:382,8,0,0
BRDA:382,8,1,1
BRDA:390,9,0,11
BRDA:390,9,1,6
BRDA:392,10,0,2
BRDA:392,10,1,9
BRDA:394,11,0,1
BRDA:394,11,1,1
BRDA:407,12,0,6
BRDA:407,12,1,3
BRDA:412,13,0,1
BRDA:412,13,1,5
BRDA:424,14,0,1
BRDA:424,14,1,2
BRDA:437,15,0,1
BRDA:437,15,1,1
BRDA:449,16,0,0
BRDA:449,16,1,1
BRDA:504,17,0,2
BRDA:504,17,1,1
BRDA:506,18,0,1
BRDA:506,18,1,1
BRDA:519,19,0,0
BRDA:519,19,1,1
BRDA:527,20,0,0
BRDA:527,20,1,0
BRDA:548,21,0,6
BRDA:548,21,1,0
BRDA:548,22,0,6
BRDA:548,22,1,0
BRDA:550,23,0,6
BRDA:550,23,1,0
BRDA:551,24,0,6
BRDA:551,24,1,0
BRDA:554,25,0,1
BRDA:554,25,1,5
BRDA:563,26,0,1
BRDA:563,26,1,4
BRDA:573,27,0,1
BRDA:573,27,1,3
BRDA:582,28,0,2
BRDA:582,28,1,2
BRDA:585,29,0,2
BRDA:585,29,1,1
BRF:63
BRH:52
end_of_record
TN:
SF:middleware\auth.js
FN:5,(anonymous_0)
FN:33,(anonymous_1)
FN:34,(anonymous_2)
FNF:3
FNH:1
FNDA:0,(anonymous_0)
FNDA:2,(anonymous_1)
FNDA:0,(anonymous_2)
DA:1,1
DA:2,1
DA:5,1
DA:8,0
DA:9,0
DA:13,0
DA:14,0
DA:17,0
DA:19,0
DA:21,0
DA:23,0
DA:25,0
DA:27,0
DA:28,0
DA:33,1
DA:34,2
DA:35,0
DA:36,0
DA:40,0
LF:19
LH:5
BRDA:8,0,0,0
BRDA:8,0,1,0
BRDA:8,1,0,0
BRDA:8,1,1,0
BRDA:13,2,0,0
BRDA:13,2,1,0
BRDA:13,3,0,0
BRDA:13,3,1,0
BRDA:35,4,0,0
BRDA:35,4,1,0
BRF:10
BRH:0
end_of_record
TN:
SF:models\Booking.js
FNF:0
FNH:0
DA:1,1
DA:3,1
DA:53,1
DA:60,1
DA:61,1
LF:5
LH:5
BRF:0
BRH:0
end_of_record
TN:
SF:models\Hotel.js
FNF:0
FNH:0
DA:1,1
DA:2,1
DA:4,1
DA:22,1
DA:68,1
DA:75,1
DA:82,1
LF:7
LH:7
BRF:0
BRH:0
end_of_record
TN:
SF:models\Log.js
FNF:0
FNH:0
DA:1,1
DA:3,1
DA:27,1
LF:3
LH:3
BRF:0
BRH:0
end_of_record
TN:
SF:models\Payment.js
FNF:0
FNH:0
DA:1,1
DA:3,1
DA:44,1
LF:3
LH:3
BRF:0
BRH:0
end_of_record
TN:
SF:models\Room.js
FNF:0
FNH:0
DA:1,1
DA:3,1
DA:34,1
LF:3
LH:3
BRF:0
BRH:0
end_of_record
TN:
SF:models\User.js
FN:73,(anonymous_0)
FN:80,(anonymous_1)
FN:87,(anonymous_2)
FNF:3
FNH:0
FNDA:0,(anonymous_0)
FNDA:0,(anonymous_1)
FNDA:0,(anonymous_2)
DA:1,1
DA:2,1
DA:3,1
DA:5,1
DA:73,1
DA:74,0
DA:75,0
DA:76,0
DA:80,1
DA:81,0
DA:87,1
DA:88,0
DA:91,1
LF:13
LH:8
BRDA:74,0,0,0
BRDA:74,0,1,0
BRF:2
BRH:0
end_of_record
TN:
SF:routes\auth.js
FNF:0
FNH:0
DA:1,1
DA:2,1
DA:5,1
DA:7,1
DA:9,1
DA:10,1
DA:11,1
DA:12,1
DA:13,1
DA:14,1
DA:15,1
DA:18,1
LF:12
LH:12
BRF:0
BRH:0
end_of_record
TN:
SF:utils\checkMembershipTier.js
FN:1,(anonymous_0)
FNF:1
FNH:0
FNDA:0,(anonymous_0)
DA:1,1
DA:2,0
DA:3,0
DA:4,0
DA:5,0
DA:6,0
DA:7,0
DA:8,0
DA:9,0
DA:10,0
DA:11,0
DA:13,0
LF:12
LH:1
BRDA:2,0,0,0
BRDA:2,0,1,0
BRDA:4,1,0,0
BRDA:4,1,1,0
BRDA:6,2,0,0
BRDA:6,2,1,0
BRDA:8,3,0,0
BRDA:8,3,1,0
BRDA:10,4,0,0
BRDA:10,4,1,0
BRF:10
BRH:0
end_of_record
TN:
SF:utils\logCreation.js
FN:3,(anonymous_0)
FN:12,(anonymous_1)
FNF:2
FNH:0
FNDA:0,(anonymous_0)
FNDA:0,(anonymous_1)
DA:1,1
DA:3,1
DA:4,0
DA:11,0
DA:13,0
LF:5
LH:2
BRF:0
BRH:0
end_of_record
TN:
SF:utils\paymentTimeoutUtil.js
FN:4,(anonymous_0)
FN:5,(anonymous_1)
FNF:2
FNH:0
FNDA:0,(anonymous_0)
FNDA:0,(anonymous_1)
DA:2,1
DA:3,1
DA:4,1
DA:5,0
DA:6,0
DA:7,0
DA:8,0
DA:9,0
DA:10,0
DA:12,0
DA:13,0
DA:16,0
LF:12
LH:3
BRDA:4,0,0,0
BRDA:8,1,0,0
BRDA:8,1,1,0
BRDA:8,2,0,0
BRDA:8,2,1,0
BRF:5
BRH:0
end_of_record
TN:
SF:utils\refundCalculation.js
FN:2,(anonymous_0)
FNF:1
FNH:0
FNDA:0,(anonymous_0)
DA:2,1
DA:4,0
DA:5,0
DA:6,0
DA:7,0
DA:9,0
DA:12,0
DA:14,0
DA:15,0
DA:17,0
DA:20,0
DA:22,0
DA:26,0
DA:27,0
DA:28,0
DA:30,0
DA:31,0
DA:33,0
DA:36,0
DA:38,0
DA:39,0
DA:40,0
DA:41,0
DA:43,0
DA:48,0
DA:53,0
DA:54,0
LF:27
LH:1
BRDA:12,0,0,0
BRDA:12,0,1,0
BRDA:14,1,0,0
BRDA:14,1,1,0
BRDA:20,2,0,0
BRDA:20,2,1,0
BRDA:26,3,0,0
BRDA:26,3,1,0
BRDA:28,4,0,0
BRDA:28,4,1,0
BRDA:30,5,0,0
BRDA:30,5,1,0
BRDA:36,6,0,0
BRDA:36,6,1,0
BRDA:38,7,0,0
BRDA:38,7,1,0
BRDA:40,8,0,0
BRDA:40,8,1,0
BRF:18
BRH:0
end_of_record
TN:
SF:utils\sendEmails.js
FN:19,(anonymous_0)
FN:43,(anonymous_1)
FN:52,(anonymous_2)
FN:76,(anonymous_3)
FN:86,(anonymous_4)
FN:120,(anonymous_5)
FNF:6
FNH:1
FNDA:0,(anonymous_0)
FNDA:0,(anonymous_1)
FNDA:1,(anonymous_2)
FNDA:0,(anonymous_3)
FNDA:0,(anonymous_4)
FNDA:0,(anonymous_5)
DA:1,1
DA:3,1
DA:5,1
DA:8,1
DA:19,1
DA:20,0
DA:43,0
DA:44,0
DA:45,0
DA:47,0
DA:52,1
DA:53,1
DA:76,1
DA:77,0
DA:78,0
DA:80,0
DA:86,1
DA:87,0
DA:120,0
DA:121,0
DA:122,0
DA:124,0
LF:22
LH:9
BRDA:44,0,0,0
BRDA:44,0,1,0
BRDA:77,1,0,0
BRDA:77,1,1,0
BRDA:121,2,0,0
BRDA:121,2,1,0
BRF:6
BRH:0
end_of_record
